<?xml version="1.0" encoding="UTF-8"?>
<coverage generated="1785802126460" clover="3.2.0">
  <project timestamp="1785802126460" name="All files">
    <metrics statements="729" coveredstatements="597" conditionals="343" coveredconditionals="249" methods="123" coveredmethods="99" elements="1195" coveredelements="945" complexity="0" loc="729" ncloc="729" packages="7" files="22" classes="22"/>
    <package name="database">
      <metrics statements="52" coveredstatements="48" conditionals="11" coveredconditionals="6" methods="14" coveredmethods="14"/>
      <file name="connection.ts" path="/Users/lenypascalihirwe/Documents/work/ecc/projects/angular-electron-poc/electron/database/connection.ts">
        <metrics statements="28" coveredstatements="28" conditionals="4" coveredconditionals="4" methods="5" coveredmethods="5"/>
        <line num="10" count="1" type="stmt"/>
        <line num="12" count="1" type="stmt"/>
        <line num="20" count="1" type="stmt"/>
        <line num="21" count="10" type="stmt"/>
        <line num="23" count="10" type="stmt"/>
        <line num="26" count="10" type="cond" truecount="1" falsecount="0"/>
        <line num="27" count="1" type="stmt"/>
        <line num="30" count="9" type="stmt"/>
        <line num="32" count="9" type="stmt"/>
        <line num="34" count="9" type="stmt"/>
        <line num="35" count="9" type="stmt"/>
        <line num="37" count="9" type="cond" truecount="1" falsecount="0"/>
        <line num="38" count="4" type="stmt"/>
        <line num="40" count="4" type="stmt"/>
        <line num="41" count="4" type="stmt"/>
        <line num="43" count="1" type="stmt"/>
        <line num="44" count="1" type="stmt"/>
        <line num="45" count="1" type="stmt"/>
        <line num="51" count="8" type="stmt"/>
        <line num="53" count="8" type="stmt"/>
        <line num="54" count="8" type="stmt"/>
        <line num="58" count="2" type="cond" truecount="1" falsecount="0"/>
        <line num="59" count="1" type="stmt"/>
        <line num="61" count="1" type="stmt"/>
        <line num="65" count="3" type="stmt"/>
        <line num="69" count="1" type="cond" truecount="1" falsecount="0"/>
        <line num="70" count="1" type="stmt"/>
        <line num="71" count="1" type="stmt"/>
      </file>
      <file name="migrations.ts" path="/Users/lenypascalihirwe/Documents/work/ecc/projects/angular-electron-poc/electron/database/migrations.ts">
        <metrics statements="24" coveredstatements="20" conditionals="7" coveredconditionals="2" methods="9" coveredmethods="9"/>
        <line num="22" count="5" type="stmt"/>
        <line num="27" count="58" type="stmt"/>
        <line num="39" count="58" type="stmt"/>
        <line num="57" count="58" type="stmt"/>
        <line num="118" count="58" type="stmt"/>
        <line num="140" count="58" type="stmt"/>
        <line num="165" count="5" type="stmt"/>
        <line num="168" count="5" type="stmt"/>
        <line num="169" count="58" type="stmt"/>
        <line num="171" count="58" type="cond" truecount="0" falsecount="1"/>
        <line num="172" count="0" type="stmt"/>
        <line num="178" count="290" type="stmt"/>
        <line num="180" count="58" type="cond" truecount="0" falsecount="1"/>
        <line num="181" count="0" type="stmt"/>
        <line num="184" count="58" type="stmt"/>
        <line num="185" count="58" type="stmt"/>
        <line num="186" count="290" type="stmt"/>
        <line num="188" count="58" type="stmt"/>
        <line num="193" count="58" type="stmt"/>
        <line num="201" count="58" type="stmt"/>
        <line num="205" count="58" type="cond" truecount="1" falsecount="0"/>
        <line num="206" count="58" type="stmt"/>
        <line num="209" count="0" type="stmt"/>
        <line num="213" count="0" type="cond" truecount="0" falsecount="2"/>
      </file>
    </package>
    <package name="domain">
      <metrics statements="200" coveredstatements="191" conditionals="127" coveredconditionals="116" methods="36" coveredmethods="34"/>
      <file name="command-registry.ts" path="/Users/lenypascalihirwe/Documents/work/ecc/projects/angular-electron-poc/electron/domain/command-registry.ts">
        <metrics statements="20" coveredstatements="19" conditionals="3" coveredconditionals="1" methods="6" coveredmethods="4"/>
        <line num="28" count="1" type="stmt"/>
        <line num="41" count="1" type="stmt"/>
        <line num="47" count="1" type="stmt"/>
        <line num="48" count="10" type="stmt"/>
        <line num="50" count="10" type="stmt"/>
        <line num="51" count="27" type="cond" truecount="1" falsecount="0"/>
        <line num="52" count="1" type="stmt"/>
        <line num="54" count="26" type="stmt"/>
        <line num="57" count="9" type="stmt"/>
        <line num="58" count="9" type="stmt"/>
        <line num="65" count="1" type="stmt"/>
        <line num="66" count="3" type="cond" truecount="0" falsecount="1"/>
        <line num="67" count="0" type="stmt"/>
        <line num="69" count="3" type="stmt"/>
        <line num="75" count="1" type="stmt"/>
        <line num="76" count="1" type="stmt"/>
        <line num="83" count="1" type="stmt"/>
        <line num="84" count="2" type="cond" truecount="0" falsecount="1"/>
        <line num="85" count="2" type="stmt"/>
        <line num="92" count="1" type="stmt"/>
      </file>
      <file name="command-schemas.ts" path="/Users/lenypascalihirwe/Documents/work/ecc/projects/angular-electron-poc/electron/domain/command-schemas.ts">
        <metrics statements="2" coveredstatements="2" conditionals="0" coveredconditionals="0" methods="0" coveredmethods="0"/>
        <line num="26" count="2" type="stmt"/>
        <line num="225" count="2" type="stmt"/>
      </file>
      <file name="engine-state.ts" path="/Users/lenypascalihirwe/Documents/work/ecc/projects/angular-electron-poc/electron/domain/engine-state.ts">
        <metrics statements="23" coveredstatements="22" conditionals="15" coveredconditionals="14" methods="9" coveredmethods="9"/>
        <line num="21" count="6" type="stmt"/>
        <line num="27" count="6" type="stmt"/>
        <line num="28" count="70" type="stmt"/>
        <line num="29" count="70" type="stmt"/>
        <line num="33" count="28" type="stmt"/>
        <line num="38" count="6" type="stmt"/>
        <line num="43" count="12" type="stmt"/>
        <line num="44" count="12" type="stmt"/>
        <line num="49" count="2" type="stmt"/>
        <line num="50" count="2" type="stmt"/>
        <line num="55" count="4" type="stmt"/>
        <line num="56" count="4" type="stmt"/>
        <line num="61" count="6" type="stmt"/>
        <line num="62" count="6" type="stmt"/>
        <line num="67" count="2" type="stmt"/>
        <line num="68" count="2" type="stmt"/>
        <line num="77" count="26" type="cond" truecount="5" falsecount="1"/>
        <line num="80" count="4" type="stmt"/>
        <line num="84" count="9" type="stmt"/>
        <line num="88" count="13" type="stmt"/>
        <line num="99" count="0" type="stmt"/>
        <line num="107" count="9" type="stmt"/>
        <line num="108" count="9" type="cond" truecount="2" falsecount="0"/>
      </file>
      <file name="json-schema-validator.ts" path="/Users/lenypascalihirwe/Documents/work/ecc/projects/angular-electron-poc/electron/domain/json-schema-validator.ts">
        <metrics statements="53" coveredstatements="53" conditionals="53" coveredconditionals="53" methods="7" coveredmethods="7"/>
        <line num="57" count="2" type="stmt"/>
        <line num="61" count="52" type="stmt"/>
        <line num="62" count="52" type="stmt"/>
        <line num="63" count="52" type="stmt"/>
        <line num="69" count="2" type="stmt"/>
        <line num="70" count="24" type="stmt"/>
        <line num="84" count="98" type="cond" truecount="1" falsecount="0"/>
        <line num="85" count="96" type="cond" truecount="2" falsecount="0"/>
        <line num="86" count="98" type="cond" truecount="1" falsecount="0"/>
        <line num="87" count="9" type="cond" truecount="2" falsecount="0"/>
        <line num="88" count="9" type="stmt"/>
        <line num="92" count="9" type="stmt"/>
        <line num="97" count="89" type="cond" truecount="1" falsecount="0"/>
        <line num="98" count="4" type="cond" truecount="1" falsecount="0"/>
        <line num="99" count="1" type="stmt"/>
        <line num="107" count="89" type="cond" truecount="1" falsecount="0"/>
        <line num="108" count="25" type="cond" truecount="3" falsecount="0"/>
        <line num="109" count="1" type="stmt"/>
        <line num="114" count="25" type="cond" truecount="3" falsecount="0"/>
        <line num="115" count="1" type="stmt"/>
        <line num="123" count="89" type="cond" truecount="1" falsecount="0"/>
        <line num="124" count="21" type="cond" truecount="3" falsecount="0"/>
        <line num="125" count="2" type="stmt"/>
        <line num="127" count="21" type="cond" truecount="3" falsecount="0"/>
        <line num="128" count="1" type="stmt"/>
        <line num="133" count="89" type="cond" truecount="3" falsecount="0"/>
        <line num="135" count="29" type="cond" truecount="1" falsecount="0"/>
        <line num="136" count="22" type="stmt"/>
        <line num="137" count="31" type="cond" truecount="1" falsecount="0"/>
        <line num="138" count="8" type="stmt"/>
        <line num="144" count="29" type="cond" truecount="1" falsecount="0"/>
        <line num="145" count="14" type="stmt"/>
        <line num="146" count="14" type="stmt"/>
        <line num="147" count="19" type="cond" truecount="1" falsecount="0"/>
        <line num="148" count="3" type="stmt"/>
        <line num="157" count="29" type="stmt"/>
        <line num="158" count="57" type="cond" truecount="1" falsecount="0"/>
        <line num="159" count="30" type="stmt"/>
        <line num="165" count="89" type="cond" truecount="3" falsecount="0"/>
        <line num="166" count="8" type="cond" truecount="3" falsecount="0"/>
        <line num="167" count="1" type="stmt"/>
        <line num="172" count="8" type="cond" truecount="3" falsecount="0"/>
        <line num="173" count="1" type="stmt"/>
        <line num="178" count="8" type="stmt"/>
        <line num="179" count="16" type="stmt"/>
        <line num="189" count="98" type="cond" truecount="6" falsecount="0"/>
        <line num="191" count="2" type="stmt"/>
        <line num="193" count="9" type="stmt"/>
        <line num="195" count="18" type="cond" truecount="2" falsecount="0"/>
        <line num="197" count="6" type="stmt"/>
        <line num="199" count="32" type="cond" truecount="3" falsecount="0"/>
        <line num="201" count="31" type="stmt"/>
        <line num="206" count="89" type="cond" truecount="3" falsecount="0"/>
      </file>
      <file name="rate-limiter.ts" path="/Users/lenypascalihirwe/Documents/work/ecc/projects/angular-electron-poc/electron/domain/rate-limiter.ts">
        <metrics statements="25" coveredstatements="25" conditionals="15" coveredconditionals="15" methods="4" coveredmethods="4"/>
        <line num="35" count="2" type="stmt"/>
        <line num="36" count="16" type="stmt"/>
        <line num="40" count="16" type="stmt"/>
        <line num="55" count="124" type="cond" truecount="4" falsecount="0"/>
        <line num="59" count="124" type="stmt"/>
        <line num="60" count="124" type="stmt"/>
        <line num="62" count="124" type="stmt"/>
        <line num="64" count="124" type="cond" truecount="1" falsecount="0"/>
        <line num="65" count="17" type="stmt"/>
        <line num="66" count="17" type="stmt"/>
        <line num="70" count="124" type="cond" truecount="2" falsecount="0"/>
        <line num="71" count="5" type="stmt"/>
        <line num="74" count="124" type="cond" truecount="1" falsecount="0"/>
        <line num="75" count="7" type="stmt"/>
        <line num="76" count="7" type="stmt"/>
        <line num="82" count="117" type="stmt"/>
        <line num="83" count="117" type="stmt"/>
        <line num="91" count="1" type="stmt"/>
        <line num="98" count="7" type="stmt"/>
        <line num="99" count="7" type="stmt"/>
        <line num="100" count="7" type="stmt"/>
        <line num="101" count="7" type="cond" truecount="1" falsecount="0"/>
        <line num="103" count="6" type="cond" truecount="2" falsecount="0"/>
        <line num="104" count="2" type="stmt"/>
        <line num="106" count="6" type="stmt"/>
      </file>
      <file name="validation-pipeline.ts" path="/Users/lenypascalihirwe/Documents/work/ecc/projects/angular-electron-poc/electron/domain/validation-pipeline.ts">
        <metrics statements="77" coveredstatements="70" conditionals="41" coveredconditionals="33" methods="10" coveredmethods="10"/>
        <line num="24" count="1" type="stmt"/>
        <line num="25" count="1" type="stmt"/>
        <line num="26" count="1" type="stmt"/>
        <line num="28" count="1" type="stmt"/>
        <line num="29" count="1" type="stmt"/>
        <line num="37" count="1" type="stmt"/>
        <line num="43" count="1" type="stmt"/>
        <line num="61" count="19" type="stmt"/>
        <line num="62" count="19" type="cond" truecount="1" falsecount="0"/>
        <line num="63" count="2" type="stmt"/>
        <line num="69" count="17" type="stmt"/>
        <line num="78" count="17" type="cond" truecount="3" falsecount="0"/>
        <line num="79" count="2" type="stmt"/>
        <line num="85" count="15" type="stmt"/>
        <line num="96" count="15" type="cond" truecount="2" falsecount="1"/>
        <line num="97" count="0" type="stmt"/>
        <line num="100" count="15" type="stmt"/>
        <line num="103" count="15" type="cond" truecount="1" falsecount="0"/>
        <line num="104" count="2" type="stmt"/>
        <line num="113" count="13" type="cond" truecount="3" falsecount="0"/>
        <line num="114" count="1" type="stmt"/>
        <line num="122" count="12" type="cond" truecount="2" falsecount="1"/>
        <line num="123" count="0" type="stmt"/>
        <line num="127" count="12" type="cond" truecount="3" falsecount="0"/>
        <line num="128" count="2" type="stmt"/>
        <line num="136" count="10" type="cond" truecount="1" falsecount="0"/>
        <line num="137" count="1" type="stmt"/>
        <line num="140" count="9" type="stmt"/>
        <line num="158" count="9" type="cond" truecount="2" falsecount="0"/>
        <line num="160" count="9" type="cond" truecount="0" falsecount="1"/>
        <line num="161" count="0" type="stmt"/>
        <line num="164" count="9" type="cond" truecount="2" falsecount="0"/>
        <line num="165" count="9" type="stmt"/>
        <line num="167" count="9" type="cond" truecount="1" falsecount="0"/>
        <line num="169" count="2" type="stmt"/>
        <line num="171" count="4" type="stmt"/>
        <line num="174" count="2" type="stmt"/>
        <line num="186" count="7" type="stmt"/>
        <line num="200" count="7" type="cond" truecount="1" falsecount="0"/>
        <line num="201" count="5" type="stmt"/>
        <line num="204" count="2" type="stmt"/>
        <line num="205" count="2" type="cond" truecount="1" falsecount="0"/>
        <line num="206" count="2" type="stmt"/>
        <line num="213" count="0" type="stmt"/>
        <line num="231" count="5" type="stmt"/>
        <line num="232" count="5" type="stmt"/>
        <line num="233" count="5" type="cond" truecount="1" falsecount="0"/>
        <line num="234" count="1" type="stmt"/>
        <line num="242" count="0" type="stmt"/>
        <line num="250" count="4" type="stmt"/>
        <line num="251" count="4" type="stmt"/>
        <line num="253" count="4" type="cond" truecount="0" falsecount="1"/>
        <line num="254" count="0" type="stmt"/>
        <line num="261" count="4" type="stmt"/>
        <line num="297" count="1" type="stmt"/>
        <line num="303" count="19" type="stmt"/>
        <line num="308" count="19" type="cond" truecount="1" falsecount="0"/>
        <line num="312" count="17" type="stmt"/>
        <line num="313" count="17" type="stmt"/>
        <line num="316" count="17" type="stmt"/>
        <line num="317" count="17" type="cond" truecount="1" falsecount="0"/>
        <line num="320" count="15" type="stmt"/>
        <line num="321" count="15" type="cond" truecount="1" falsecount="0"/>
        <line num="324" count="9" type="stmt"/>
        <line num="325" count="9" type="stmt"/>
        <line num="326" count="9" type="cond" truecount="0" falsecount="1"/>
        <line num="327" count="0" type="stmt"/>
        <line num="338" count="9" type="stmt"/>
        <line num="339" count="9" type="cond" truecount="1" falsecount="0"/>
        <line num="342" count="7" type="stmt"/>
        <line num="343" count="7" type="cond" truecount="1" falsecount="0"/>
        <line num="347" count="5" type="stmt"/>
        <line num="348" count="5" type="cond" truecount="1" falsecount="0"/>
        <line num="350" count="4" type="stmt"/>
        <line num="357" count="1" type="stmt"/>
        <line num="361" count="2" type="stmt"/>
        <line num="381" count="2" type="cond" truecount="1" falsecount="1"/>
      </file>
    </package>
    <package name="ipc">
      <metrics statements="29" coveredstatements="0" conditionals="9" coveredconditionals="0" methods="6" coveredmethods="0"/>
      <file name="gateway.ts" path="/Users/lenypascalihirwe/Documents/work/ecc/projects/angular-electron-poc/electron/ipc/gateway.ts">
        <metrics statements="29" coveredstatements="0" conditionals="9" coveredconditionals="0" methods="6" coveredmethods="0"/>
        <line num="20" count="0" type="stmt"/>
        <line num="22" count="0" type="stmt"/>
        <line num="24" count="0" type="stmt"/>
        <line num="49" count="0" type="stmt"/>
        <line num="50" count="0" type="stmt"/>
        <line num="52" count="0" type="stmt"/>
        <line num="56" count="0" type="stmt"/>
        <line num="67" count="0" type="stmt"/>
        <line num="69" count="0" type="cond" truecount="0" falsecount="1"/>
        <line num="70" count="0" type="stmt"/>
        <line num="71" count="0" type="stmt"/>
        <line num="74" count="0" type="stmt"/>
        <line num="75" count="0" type="stmt"/>
        <line num="81" count="0" type="cond" truecount="0" falsecount="1"/>
        <line num="82" count="0" type="stmt"/>
        <line num="93" count="0" type="stmt"/>
        <line num="94" count="0" type="stmt"/>
        <line num="95" count="0" type="stmt"/>
        <line num="103" count="0" type="stmt"/>
        <line num="107" count="0" type="stmt"/>
        <line num="109" count="0" type="stmt"/>
        <line num="110" count="0" type="stmt"/>
        <line num="126" count="0" type="stmt"/>
        <line num="129" count="0" type="cond" truecount="0" falsecount="2"/>
        <line num="131" count="0" type="cond" truecount="0" falsecount="1"/>
        <line num="132" count="0" type="stmt"/>
        <line num="144" count="0" type="cond" truecount="0" falsecount="2"/>
        <line num="146" count="0" type="stmt"/>
        <line num="161" count="0" type="stmt"/>
      </file>
    </package>
    <package name="ipc.handlers">
      <metrics statements="225" coveredstatements="197" conditionals="121" coveredconditionals="100" methods="34" coveredmethods="23"/>
      <file name="catalog-handlers.ts" path="/Users/lenypascalihirwe/Documents/work/ecc/projects/angular-electron-poc/electron/ipc/handlers/catalog-handlers.ts">
        <metrics statements="8" coveredstatements="8" conditionals="5" coveredconditionals="4" methods="1" coveredmethods="1"/>
        <line num="37" count="2" type="stmt"/>
        <line num="42" count="8" type="stmt"/>
        <line num="43" count="8" type="cond" truecount="4" falsecount="1"/>
        <line num="49" count="8" type="stmt"/>
        <line num="51" count="8" type="stmt"/>
        <line num="66" count="8" type="stmt"/>
        <line num="75" count="8" type="stmt"/>
        <line num="81" count="8" type="stmt"/>
      </file>
      <file name="customer-handlers.ts" path="/Users/lenypascalihirwe/Documents/work/ecc/projects/angular-electron-poc/electron/ipc/handlers/customer-handlers.ts">
        <metrics statements="31" coveredstatements="26" conditionals="28" coveredconditionals="24" methods="3" coveredmethods="3"/>
        <line num="15" count="2" type="stmt"/>
        <line num="68" count="2" type="stmt"/>
        <line num="73" count="29" type="stmt"/>
        <line num="74" count="29" type="stmt"/>
        <line num="75" count="29" type="stmt"/>
        <line num="76" count="29" type="cond" truecount="2" falsecount="0"/>
        <line num="77" count="29" type="cond" truecount="2" falsecount="0"/>
        <line num="79" count="29" type="stmt"/>
        <line num="80" count="29" type="stmt"/>
        <line num="98" count="29" type="stmt"/>
        <line num="102" count="29" type="stmt"/>
        <line num="116" count="29" type="stmt"/>
        <line num="117" count="29" type="stmt"/>
        <line num="118" count="29" type="stmt"/>
        <line num="119" count="29" type="stmt"/>
        <line num="121" count="0" type="stmt"/>
        <line num="124" count="0" type="cond" truecount="0" falsecount="2"/>
        <line num="125" count="0" type="cond" truecount="0" falsecount="1"/>
        <line num="126" count="0" type="stmt"/>
        <line num="131" count="0" type="stmt"/>
        <line num="134" count="29" type="stmt"/>
        <line num="157" count="2" type="stmt"/>
        <line num="162" count="8" type="stmt"/>
        <line num="163" count="8" type="cond" truecount="4" falsecount="1"/>
        <line num="169" count="8" type="stmt"/>
        <line num="171" count="8" type="stmt"/>
        <line num="176" count="8" type="stmt"/>
        <line num="185" count="8" type="stmt"/>
        <line num="198" count="8" type="stmt"/>
        <line num="204" count="8" type="stmt"/>
        <line num="208" count="8" type="stmt"/>
      </file>
      <file name="engine-handlers.ts" path="/Users/lenypascalihirwe/Documents/work/ecc/projects/angular-electron-poc/electron/ipc/handlers/engine-handlers.ts">
        <metrics statements="4" coveredstatements="4" conditionals="6" coveredconditionals="6" methods="1" coveredmethods="1"/>
        <line num="49" count="2" type="stmt"/>
        <line num="54" count="4" type="stmt"/>
        <line num="55" count="4" type="cond" truecount="2" falsecount="0"/>
        <line num="57" count="4" type="stmt"/>
      </file>
      <file name="index.ts" path="/Users/lenypascalihirwe/Documents/work/ecc/projects/angular-electron-poc/electron/ipc/handlers/index.ts">
        <metrics statements="51" coveredstatements="32" conditionals="12" coveredconditionals="4" methods="16" coveredmethods="5"/>
        <line num="18" count="1" type="stmt"/>
        <line num="20" count="1" type="stmt"/>
        <line num="22" count="1" type="stmt"/>
        <line num="24" count="1" type="stmt"/>
        <line num="26" count="1" type="stmt"/>
        <line num="28" count="1" type="stmt"/>
        <line num="30" count="1" type="stmt"/>
        <line num="54" count="1" type="stmt"/>
        <line num="57" count="11" type="stmt"/>
        <line num="62" count="11" type="stmt"/>
        <line num="68" count="11" type="stmt"/>
        <line num="73" count="11" type="stmt"/>
        <line num="79" count="11" type="stmt"/>
        <line num="86" count="11" type="stmt"/>
        <line num="98" count="11" type="stmt"/>
        <line num="99" count="11" type="stmt"/>
        <line num="105" count="11" type="stmt"/>
        <line num="113" count="154" type="stmt"/>
        <line num="114" count="154" type="stmt"/>
        <line num="127" count="11" type="stmt"/>
        <line num="129" count="2" type="stmt"/>
        <line num="130" count="2" type="cond" truecount="1" falsecount="0"/>
        <line num="131" count="1" type="stmt"/>
        <line num="133" count="1" type="stmt"/>
        <line num="134" count="1" type="stmt"/>
        <line num="143" count="1" type="stmt"/>
        <line num="144" count="1" type="cond" truecount="1" falsecount="0"/>
        <line num="145" count="1" type="stmt"/>
        <line num="147" count="0" type="stmt"/>
        <line num="148" count="0" type="stmt"/>
        <line num="151" count="1" type="stmt"/>
        <line num="152" count="1" type="cond" truecount="1" falsecount="0"/>
        <line num="153" count="1" type="stmt"/>
        <line num="155" count="0" type="stmt"/>
        <line num="159" count="0" type="cond" truecount="0" falsecount="3"/>
        <line num="160" count="0" type="stmt"/>
        <line num="165" count="0" type="cond" truecount="0" falsecount="3"/>
        <line num="166" count="0" type="stmt"/>
        <line num="171" count="0" type="stmt"/>
        <line num="175" count="11" type="stmt"/>
        <line num="178" count="0" type="stmt"/>
        <line num="182" count="0" type="stmt"/>
        <line num="188" count="0" type="stmt"/>
        <line num="194" count="0" type="stmt"/>
        <line num="200" count="0" type="stmt"/>
        <line num="204" count="0" type="stmt"/>
        <line num="210" count="0" type="stmt"/>
        <line num="214" count="0" type="stmt"/>
        <line num="220" count="0" type="stmt"/>
        <line num="224" count="0" type="stmt"/>
        <line num="228" count="0" type="stmt"/>
      </file>
      <file name="sale-handlers.ts" path="/Users/lenypascalihirwe/Documents/work/ecc/projects/angular-electron-poc/electron/ipc/handlers/sale-handlers.ts">
        <metrics statements="84" coveredstatements="82" conditionals="51" coveredconditionals="45" methods="7" coveredmethods="7"/>
        <line num="13" count="2" type="stmt"/>
        <line num="66" count="2" type="stmt"/>
        <line num="71" count="17" type="stmt"/>
        <line num="72" count="17" type="stmt"/>
        <line num="74" count="17" type="cond" truecount="1" falsecount="0"/>
        <line num="75" count="1" type="stmt"/>
        <line num="82" count="16" type="stmt"/>
        <line num="83" count="16" type="stmt"/>
        <line num="85" count="16" type="stmt"/>
        <line num="86" count="22" type="stmt"/>
        <line num="92" count="22" type="cond" truecount="1" falsecount="0"/>
        <line num="93" count="1" type="stmt"/>
        <line num="99" count="21" type="stmt"/>
        <line num="100" count="21" type="stmt"/>
        <line num="101" count="21" type="stmt"/>
        <line num="102" count="21" type="stmt"/>
        <line num="103" count="21" type="stmt"/>
        <line num="105" count="21" type="stmt"/>
        <line num="106" count="21" type="stmt"/>
        <line num="109" count="15" type="stmt"/>
        <line num="110" count="15" type="stmt"/>
        <line num="111" count="15" type="stmt"/>
        <line num="112" count="15" type="stmt"/>
        <line num="115" count="15" type="stmt"/>
        <line num="116" count="21" type="stmt"/>
        <line num="120" count="21" type="cond" truecount="1" falsecount="1"/>
        <line num="121" count="21" type="cond" truecount="1" falsecount="0"/>
        <line num="122" count="2" type="stmt"/>
        <line num="136" count="13" type="cond" truecount="2" falsecount="0"/>
        <line num="137" count="13" type="stmt"/>
        <line num="138" count="13" type="cond" truecount="2" falsecount="0"/>
        <line num="141" count="13" type="stmt"/>
        <line num="149" count="13" type="cond" truecount="1" falsecount="1"/>
        <line num="150" count="13" type="cond" truecount="1" falsecount="1"/>
        <line num="152" count="13" type="cond" truecount="2" falsecount="0"/>
        <line num="154" count="13" type="stmt"/>
        <line num="155" count="13" type="stmt"/>
        <line num="156" count="13" type="stmt"/>
        <line num="159" count="13" type="stmt"/>
        <line num="160" count="13" type="stmt"/>
        <line num="180" count="13" type="stmt"/>
        <line num="185" count="13" type="stmt"/>
        <line num="189" count="13" type="stmt"/>
        <line num="195" count="13" type="stmt"/>
        <line num="200" count="13" type="stmt"/>
        <line num="201" count="13" type="stmt"/>
        <line num="202" count="13" type="stmt"/>
        <line num="203" count="13" type="stmt"/>
        <line num="205" count="0" type="stmt"/>
        <line num="206" count="0" type="stmt"/>
        <line num="209" count="13" type="stmt"/>
        <line num="211" count="13" type="stmt"/>
        <line num="227" count="13" type="stmt"/>
        <line num="230" count="2" type="stmt"/>
        <line num="235" count="3" type="stmt"/>
        <line num="236" count="3" type="cond" truecount="1" falsecount="1"/>
        <line num="238" count="3" type="cond" truecount="1" falsecount="0"/>
        <line num="239" count="1" type="stmt"/>
        <line num="245" count="2" type="stmt"/>
        <line num="255" count="2" type="cond" truecount="2" falsecount="0"/>
        <line num="258" count="2" type="stmt"/>
        <line num="263" count="3" type="stmt"/>
        <line num="264" count="3" type="cond" truecount="3" falsecount="1"/>
        <line num="270" count="3" type="stmt"/>
        <line num="279" count="3" type="stmt"/>
        <line num="281" count="3" type="cond" truecount="1" falsecount="0"/>
        <line num="282" count="1" type="stmt"/>
        <line num="283" count="1" type="stmt"/>
        <line num="286" count="3" type="stmt"/>
        <line num="287" count="3" type="stmt"/>
        <line num="289" count="3" type="stmt"/>
        <line num="291" count="3" type="stmt"/>
        <line num="297" count="3" type="stmt"/>
        <line num="305" count="57" type="stmt"/>
        <line num="306" count="57" type="cond" truecount="1" falsecount="1"/>
        <line num="307" count="57" type="cond" truecount="2" falsecount="0"/>
        <line num="308" count="57" type="stmt"/>
        <line num="312" count="117" type="cond" truecount="2" falsecount="0"/>
        <line num="313" count="117" type="cond" truecount="2" falsecount="0"/>
        <line num="314" count="117" type="stmt"/>
        <line num="315" count="117" type="stmt"/>
        <line num="316" count="117" type="stmt"/>
        <line num="325" count="13" type="stmt"/>
        <line num="326" count="13" type="stmt"/>
      </file>
      <file name="session-handlers.ts" path="/Users/lenypascalihirwe/Documents/work/ecc/projects/angular-electron-poc/electron/ipc/handlers/session-handlers.ts">
        <metrics statements="11" coveredstatements="11" conditionals="8" coveredconditionals="7" methods="2" coveredmethods="2"/>
        <line num="52" count="2" type="stmt"/>
        <line num="57" count="8" type="cond" truecount="1" falsecount="1"/>
        <line num="59" count="8" type="cond" truecount="3" falsecount="0"/>
        <line num="60" count="4" type="stmt"/>
        <line num="66" count="4" type="stmt"/>
        <line num="67" count="4" type="cond" truecount="1" falsecount="0"/>
        <line num="68" count="3" type="stmt"/>
        <line num="77" count="1" type="stmt"/>
        <line num="79" count="1" type="stmt"/>
        <line num="88" count="2" type="stmt"/>
        <line num="93" count="4" type="stmt"/>
      </file>
      <file name="stock-handlers.ts" path="/Users/lenypascalihirwe/Documents/work/ecc/projects/angular-electron-poc/electron/ipc/handlers/stock-handlers.ts">
        <metrics statements="36" coveredstatements="34" conditionals="11" coveredconditionals="10" methods="4" coveredmethods="4"/>
        <line num="14" count="2" type="stmt"/>
        <line num="48" count="2" type="stmt"/>
        <line num="53" count="4" type="stmt"/>
        <line num="54" count="4" type="cond" truecount="1" falsecount="1"/>
        <line num="56" count="4" type="cond" truecount="3" falsecount="0"/>
        <line num="57" count="2" type="stmt"/>
        <line num="58" count="2" type="stmt"/>
        <line num="66" count="2" type="stmt"/>
        <line num="67" count="2" type="stmt"/>
        <line num="70" count="2" type="stmt"/>
        <line num="79" count="2" type="stmt"/>
        <line num="88" count="2" type="stmt"/>
        <line num="93" count="9" type="stmt"/>
        <line num="94" count="9" type="stmt"/>
        <line num="97" count="9" type="stmt"/>
        <line num="105" count="9" type="cond" truecount="1" falsecount="0"/>
        <line num="106" count="1" type="stmt"/>
        <line num="112" count="8" type="stmt"/>
        <line num="113" count="8" type="stmt"/>
        <line num="114" count="8" type="stmt"/>
        <line num="116" count="8" type="cond" truecount="1" falsecount="0"/>
        <line num="117" count="3" type="stmt"/>
        <line num="133" count="5" type="stmt"/>
        <line num="134" count="5" type="cond" truecount="2" falsecount="0"/>
        <line num="135" count="5" type="stmt"/>
        <line num="138" count="5" type="stmt"/>
        <line num="139" count="5" type="stmt"/>
        <line num="145" count="5" type="stmt"/>
        <line num="149" count="5" type="stmt"/>
        <line num="169" count="5" type="stmt"/>
        <line num="170" count="5" type="stmt"/>
        <line num="171" count="5" type="stmt"/>
        <line num="172" count="5" type="stmt"/>
        <line num="174" count="0" type="stmt"/>
        <line num="175" count="0" type="stmt"/>
        <line num="178" count="5" type="stmt"/>
      </file>
    </package>
    <package name="security">
      <metrics statements="34" coveredstatements="34" conditionals="7" coveredconditionals="6" methods="7" coveredmethods="7"/>
      <file name="key-derivation.ts" path="/Users/lenypascalihirwe/Documents/work/ecc/projects/angular-electron-poc/electron/security/key-derivation.ts">
        <metrics statements="25" coveredstatements="25" conditionals="3" coveredconditionals="2" methods="6" coveredmethods="6"/>
        <line num="23" count="1" type="stmt"/>
        <line num="24" count="1" type="stmt"/>
        <line num="31" count="1" type="stmt"/>
        <line num="34" count="1" type="stmt"/>
        <line num="37" count="1" type="stmt"/>
        <line num="61" count="1" type="stmt"/>
        <line num="62" count="7" type="stmt"/>
        <line num="63" count="7" type="stmt"/>
        <line num="85" count="1" type="stmt"/>
        <line num="89" count="9" type="stmt"/>
        <line num="91" count="9" type="stmt"/>
        <line num="105" count="1" type="stmt"/>
        <line num="106" count="9" type="stmt"/>
        <line num="124" count="1" type="stmt"/>
        <line num="125" count="5" type="stmt"/>
        <line num="126" count="5" type="cond" truecount="1" falsecount="1"/>
        <line num="127" count="5" type="stmt"/>
        <line num="129" count="5" type="stmt"/>
        <line num="134" count="5" type="stmt"/>
        <line num="145" count="1" type="stmt"/>
        <line num="146" count="1" type="stmt"/>
        <line num="153" count="1" type="stmt"/>
        <line num="154" count="3" type="cond" truecount="1" falsecount="0"/>
        <line num="155" count="2" type="stmt"/>
        <line num="157" count="1" type="stmt"/>
      </file>
      <file name="sender-verification.ts" path="/Users/lenypascalihirwe/Documents/work/ecc/projects/angular-electron-poc/electron/security/sender-verification.ts">
        <metrics statements="9" coveredstatements="9" conditionals="4" coveredconditionals="4" methods="1" coveredmethods="1"/>
        <line num="13" count="2" type="stmt"/>
        <line num="22" count="2" type="stmt"/>
        <line num="28" count="25" type="stmt"/>
        <line num="29" count="25" type="cond" truecount="1" falsecount="0"/>
        <line num="30" count="5" type="stmt"/>
        <line num="35" count="20" type="stmt"/>
        <line num="36" count="20" type="cond" truecount="3" falsecount="0"/>
        <line num="37" count="1" type="stmt"/>
        <line num="40" count="19" type="stmt"/>
      </file>
    </package>
    <package name="shared">
      <metrics statements="3" coveredstatements="3" conditionals="0" coveredconditionals="0" methods="0" coveredmethods="0"/>
      <file name="contracts.ts" path="/Users/lenypascalihirwe/Documents/work/ecc/projects/angular-electron-poc/electron/shared/contracts.ts">
        <metrics statements="3" coveredstatements="3" conditionals="0" coveredconditionals="0" methods="0" coveredmethods="0"/>
        <line num="15" count="2" type="stmt"/>
        <line num="34" count="2" type="stmt"/>
        <line num="80" count="2" type="stmt"/>
      </file>
    </package>
    <package name="sync">
      <metrics statements="186" coveredstatements="124" conditionals="68" coveredconditionals="21" methods="26" coveredmethods="21"/>
      <file name="outbox-push.ts" path="/Users/lenypascalihirwe/Documents/work/ecc/projects/angular-electron-poc/electron/sync/outbox-push.ts">
        <metrics statements="43" coveredstatements="33" conditionals="6" coveredconditionals="2" methods="7" coveredmethods="7"/>
        <line num="42" count="1" type="stmt"/>
        <line num="61" count="1" type="stmt"/>
        <line num="65" count="5" type="stmt"/>
        <line num="66" count="5" type="stmt"/>
        <line num="67" count="5" type="stmt"/>
        <line num="70" count="5" type="stmt"/>
        <line num="71" count="5" type="stmt"/>
        <line num="80" count="5" type="stmt"/>
        <line num="91" count="5" type="cond" truecount="1" falsecount="0"/>
        <line num="92" count="4" type="stmt"/>
        <line num="96" count="1" type="stmt"/>
        <line num="101" count="1" type="stmt"/>
        <line num="112" count="1" type="stmt"/>
        <line num="115" count="1" type="stmt"/>
        <line num="116" count="1" type="stmt"/>
        <line num="117" count="1" type="stmt"/>
        <line num="119" count="1" type="stmt"/>
        <line num="120" count="1" type="cond" truecount="1" falsecount="1"/>
        <line num="121" count="1" type="stmt"/>
        <line num="125" count="1" type="stmt"/>
        <line num="128" count="0" type="stmt"/>
        <line num="129" count="0" type="cond" truecount="0" falsecount="2"/>
        <line num="130" count="0" type="stmt"/>
        <line num="135" count="0" type="stmt"/>
        <line num="137" count="0" type="stmt"/>
        <line num="142" count="0" type="stmt"/>
        <line num="147" count="1" type="stmt"/>
        <line num="148" count="0" type="stmt"/>
        <line num="153" count="0" type="stmt"/>
        <line num="154" count="0" type="stmt"/>
        <line num="157" count="1" type="stmt"/>
        <line num="163" count="1" type="stmt"/>
        <line num="164" count="12" type="stmt"/>
        <line num="167" count="12" type="stmt"/>
        <line num="181" count="1" type="stmt"/>
        <line num="186" count="1" type="stmt"/>
        <line num="187" count="1" type="stmt"/>
        <line num="197" count="5" type="stmt"/>
        <line num="198" count="5" type="stmt"/>
        <line num="199" count="5" type="stmt"/>
        <line num="203" count="1" type="stmt"/>
        <line num="204" count="1" type="stmt"/>
        <line num="206" count="0" type="stmt"/>
      </file>
      <file name="pull-worker.ts" path="/Users/lenypascalihirwe/Documents/work/ecc/projects/angular-electron-poc/electron/sync/pull-worker.ts">
        <metrics statements="59" coveredstatements="23" conditionals="33" coveredconditionals="1" methods="8" coveredmethods="4"/>
        <line num="38" count="1" type="stmt"/>
        <line num="55" count="1" type="stmt"/>
        <line num="59" count="5" type="stmt"/>
        <line num="62" count="5" type="stmt"/>
        <line num="65" count="5" type="stmt"/>
        <line num="72" count="5" type="stmt"/>
        <line num="75" count="5" type="stmt"/>
        <line num="77" count="5" type="stmt"/>
        <line num="79" count="5" type="stmt"/>
        <line num="90" count="5" type="stmt"/>
        <line num="94" count="5" type="cond" truecount="1" falsecount="0"/>
        <line num="96" count="5" type="stmt"/>
        <line num="99" count="0" type="stmt"/>
        <line num="100" count="0" type="stmt"/>
        <line num="102" count="0" type="stmt"/>
        <line num="107" count="0" type="stmt"/>
        <line num="120" count="5" type="stmt"/>
        <line num="121" count="5" type="stmt"/>
        <line num="122" count="5" type="stmt"/>
        <line num="125" count="5" type="cond" truecount="0" falsecount="1"/>
        <line num="126" count="0" type="stmt"/>
        <line num="144" count="0" type="stmt"/>
        <line num="145" count="0" type="stmt"/>
        <line num="146" count="0" type="stmt"/>
        <line num="149" count="0" type="cond" truecount="0" falsecount="1"/>
        <line num="150" count="0" type="stmt"/>
        <line num="151" count="0" type="stmt"/>
        <line num="152" count="0" type="stmt"/>
        <line num="155" count="0" type="stmt"/>
        <line num="161" count="0" type="stmt"/>
        <line num="164" count="0" type="stmt"/>
        <line num="165" count="0" type="cond" truecount="0" falsecount="1"/>
        <line num="166" count="0" type="stmt"/>
        <line num="172" count="5" type="stmt"/>
        <line num="173" count="5" type="stmt"/>
        <line num="176" count="5" type="cond" truecount="0" falsecount="1"/>
        <line num="177" count="0" type="stmt"/>
        <line num="192" count="0" type="stmt"/>
        <line num="193" count="0" type="stmt"/>
        <line num="194" count="0" type="stmt"/>
        <line num="196" count="0" type="cond" truecount="0" falsecount="1"/>
        <line num="197" count="0" type="stmt"/>
        <line num="198" count="0" type="stmt"/>
        <line num="199" count="0" type="stmt"/>
        <line num="202" count="0" type="stmt"/>
        <line num="209" count="0" type="stmt"/>
        <line num="212" count="0" type="stmt"/>
        <line num="213" count="0" type="cond" truecount="0" falsecount="1"/>
        <line num="214" count="0" type="stmt"/>
        <line num="221" count="5" type="cond" truecount="0" falsecount="1"/>
        <line num="222" count="0" type="stmt"/>
        <line num="225" count="5" type="stmt"/>
        <line num="242" count="0" type="stmt"/>
        <line num="246" count="0" type="stmt"/>
        <line num="259" count="0" type="stmt"/>
        <line num="261" count="0" type="stmt"/>
        <line num="273" count="0" type="stmt"/>
        <line num="289" count="5" type="stmt"/>
        <line num="290" count="5" type="stmt"/>
      </file>
      <file name="sync-worker.ts" path="/Users/lenypascalihirwe/Documents/work/ecc/projects/angular-electron-poc/electron/sync/sync-worker.ts">
        <metrics statements="84" coveredstatements="68" conditionals="29" coveredconditionals="18" methods="11" coveredmethods="10"/>
        <line num="26" count="1" type="stmt"/>
        <line num="27" count="1" type="stmt"/>
        <line num="63" count="1" type="stmt"/>
        <line num="65" count="10" type="stmt"/>
        <line num="66" count="10" type="stmt"/>
        <line num="67" count="10" type="stmt"/>
        <line num="68" count="10" type="stmt"/>
        <line num="69" count="10" type="stmt"/>
        <line num="70" count="10" type="stmt"/>
        <line num="71" count="10" type="stmt"/>
        <line num="74" count="10" type="stmt"/>
        <line num="83" count="2" type="cond" truecount="0" falsecount="1"/>
        <line num="84" count="0" type="stmt"/>
        <line num="87" count="2" type="stmt"/>
        <line num="92" count="2" type="stmt"/>
        <line num="93" count="2" type="stmt"/>
        <line num="98" count="1" type="cond" truecount="1" falsecount="0"/>
        <line num="99" count="1" type="stmt"/>
        <line num="100" count="1" type="stmt"/>
        <line num="101" count="1" type="stmt"/>
        <line num="103" count="1" type="stmt"/>
        <line num="111" count="3" type="cond" truecount="0" falsecount="1"/>
        <line num="112" count="0" type="stmt"/>
        <line num="114" count="3" type="stmt"/>
        <line num="115" count="3" type="stmt"/>
        <line num="124" count="12" type="stmt"/>
        <line num="125" count="12" type="stmt"/>
        <line num="126" count="12" type="stmt"/>
        <line num="127" count="12" type="stmt"/>
        <line num="132" count="12" type="stmt"/>
        <line num="144" count="2" type="stmt"/>
        <line num="145" count="2" type="stmt"/>
        <line num="146" count="2" type="stmt"/>
        <line num="154" count="2" type="stmt"/>
        <line num="156" count="0" type="stmt"/>
        <line num="165" count="3" type="stmt"/>
        <line num="167" count="3" type="stmt"/>
        <line num="171" count="3" type="cond" truecount="1" falsecount="0"/>
        <line num="172" count="1" type="stmt"/>
        <line num="178" count="2" type="cond" truecount="2" falsecount="0"/>
        <line num="180" count="1" type="stmt"/>
        <line num="187" count="1" type="stmt"/>
        <line num="194" count="2" type="stmt"/>
        <line num="196" count="2" type="stmt"/>
        <line num="210" count="5" type="cond" truecount="0" falsecount="1"/>
        <line num="211" count="0" type="stmt"/>
        <line num="214" count="5" type="stmt"/>
        <line num="216" count="5" type="stmt"/>
        <line num="217" count="5" type="stmt"/>
        <line num="219" count="5" type="stmt"/>
        <line num="221" count="5" type="stmt"/>
        <line num="226" count="5" type="stmt"/>
        <line num="228" count="5" type="cond" truecount="1" falsecount="1"/>
        <line num="229" count="0" type="stmt"/>
        <line num="233" count="0" type="stmt"/>
        <line num="235" count="5" type="stmt"/>
        <line num="241" count="5" type="stmt"/>
        <line num="244" count="5" type="stmt"/>
        <line num="246" count="5" type="stmt"/>
        <line num="250" count="5" type="stmt"/>
        <line num="251" count="5" type="stmt"/>
        <line num="254" count="5" type="cond" truecount="1" falsecount="0"/>
        <line num="255" count="5" type="stmt"/>
        <line num="258" count="0" type="cond" truecount="0" falsecount="2"/>
        <line num="259" count="0" type="stmt"/>
        <line num="260" count="0" type="stmt"/>
        <line num="261" count="0" type="stmt"/>
        <line num="263" count="0" type="cond" truecount="0" falsecount="1"/>
        <line num="264" count="0" type="stmt"/>
        <line num="267" count="0" type="stmt"/>
        <line num="272" count="0" type="stmt"/>
        <line num="273" count="0" type="stmt"/>
        <line num="274" count="0" type="stmt"/>
        <line num="277" count="5" type="stmt"/>
        <line num="278" count="5" type="stmt"/>
        <line num="282" count="5" type="cond" truecount="2" falsecount="2"/>
        <line num="283" count="5" type="cond" truecount="1" falsecount="0"/>
        <line num="284" count="1" type="stmt"/>
        <line num="297" count="11" type="stmt"/>
        <line num="298" count="11" type="stmt"/>
        <line num="299" count="11" type="cond" truecount="1" falsecount="0"/>
        <line num="300" count="10" type="stmt"/>
        <line num="305" count="6" type="stmt"/>
        <line num="306" count="6" type="stmt"/>
      </file>
    </package>
  </project>
</coverage>
