{"/Users/lenypascalihirwe/Documents/work/ecc/projects/angular-electron-poc/electron/database/connection.ts": {"path":"/Users/lenypascalihirwe/Documents/work/ecc/projects/angular-electron-poc/electron/database/connection.ts","statementMap":{"0":{"start":{"line":10,"column":0},"end":{"line":10,"column":55}},"1":{"start":{"line":12,"column":0},"end":{"line":12,"column":45}},"2":{"start":{"line":21,"column":38},"end":{"line":21,"column":42}},"3":{"start":{"line":23,"column":31},"end":{"line":23,"column":55}},"4":{"start":{"line":26,"column":4},"end":{"line":28,"column":5}},"5":{"start":{"line":27,"column":6},"end":{"line":27,"column":21}},"6":{"start":{"line":30,"column":35},"end":{"line":30,"column":46}},"7":{"start":{"line":32,"column":18},"end":{"line":32,"column":67}},"8":{"start":{"line":34,"column":4},"end":{"line":34,"column":39}},"9":{"start":{"line":35,"column":4},"end":{"line":35,"column":38}},"10":{"start":{"line":37,"column":4},"end":{"line":49,"column":5}},"11":{"start":{"line":38,"column":6},"end":{"line":38,"column":64}},"12":{"start":{"line":40,"column":6},"end":{"line":48,"column":7}},"13":{"start":{"line":41,"column":8},"end":{"line":41,"column":71}},"14":{"start":{"line":43,"column":8},"end":{"line":43,"column":22}},"15":{"start":{"line":44,"column":8},"end":{"line":44,"column":23}},"16":{"start":{"line":45,"column":8},"end":{"line":47,"column":10}},"17":{"start":{"line":51,"column":4},"end":{"line":51,"column":25}},"18":{"start":{"line":53,"column":4},"end":{"line":53,"column":20}},"19":{"start":{"line":54,"column":4},"end":{"line":54,"column":19}},"20":{"start":{"line":58,"column":4},"end":{"line":60,"column":5}},"21":{"start":{"line":59,"column":6},"end":{"line":59,"column":64}},"22":{"start":{"line":61,"column":4},"end":{"line":61,"column":19}},"23":{"start":{"line":65,"column":4},"end":{"line":65,"column":28}},"24":{"start":{"line":69,"column":4},"end":{"line":72,"column":5}},"25":{"start":{"line":70,"column":6},"end":{"line":70,"column":22}},"26":{"start":{"line":71,"column":6},"end":{"line":71,"column":21}},"27":{"start":{"line":20,"column":0},"end":{"line":20,"column":13}}},"fnMap":{"0":{"name":"(anonymous_1)","decl":{"start":{"line":23,"column":2},"end":{"line":23,"column":31}},"loc":{"start":{"line":23,"column":55},"end":{"line":23,"column":59}}},"1":{"name":"(anonymous_2)","decl":{"start":{"line":25,"column":2},"end":{"line":25,"column":6}},"loc":{"start":{"line":25,"column":6},"end":{"line":55,"column":3}}},"2":{"name":"(anonymous_3)","decl":{"start":{"line":57,"column":2},"end":{"line":57,"column":5}},"loc":{"start":{"line":57,"column":5},"end":{"line":62,"column":3}}},"3":{"name":"(anonymous_4)","decl":{"start":{"line":64,"column":2},"end":{"line":64,"column":6}},"loc":{"start":{"line":64,"column":12},"end":{"line":66,"column":3}}},"4":{"name":"(anonymous_5)","decl":{"start":{"line":68,"column":2},"end":{"line":68,"column":7}},"loc":{"start":{"line":68,"column":7},"end":{"line":73,"column":3}}}},"branchMap":{"0":{"loc":{"start":{"line":26,"column":4},"end":{"line":28,"column":5}},"type":"if","locations":[{"start":{"line":26,"column":4},"end":{"line":28,"column":5}}]},"1":{"loc":{"start":{"line":37,"column":4},"end":{"line":49,"column":5}},"type":"if","locations":[{"start":{"line":37,"column":4},"end":{"line":49,"column":5}}]},"2":{"loc":{"start":{"line":58,"column":4},"end":{"line":60,"column":5}},"type":"if","locations":[{"start":{"line":58,"column":4},"end":{"line":60,"column":5}}]},"3":{"loc":{"start":{"line":69,"column":4},"end":{"line":72,"column":5}},"type":"if","locations":[{"start":{"line":69,"column":4},"end":{"line":72,"column":5}}]}},"s":{"0":1,"1":1,"2":10,"3":10,"4":10,"5":1,"6":9,"7":9,"8":9,"9":9,"10":9,"11":4,"12":4,"13":4,"14":1,"15":1,"16":1,"17":8,"18":8,"19":8,"20":2,"21":1,"22":1,"23":3,"24":1,"25":1,"26":1,"27":1},"f":{"0":10,"1":10,"2":2,"3":3,"4":1},"b":{"0":[1],"1":[4],"2":[1],"3":[1]}}
,"/Users/lenypascalihirwe/Documents/work/ecc/projects/angular-electron-poc/electron/database/migrations.ts": {"path":"/Users/lenypascalihirwe/Documents/work/ecc/projects/angular-electron-poc/electron/database/migrations.ts","statementMap":{"0":{"start":{"line":22,"column":41},"end":{"line":159,"column":2}},"1":{"start":{"line":27,"column":6},"end":{"line":32,"column":9}},"2":{"start":{"line":39,"column":6},"end":{"line":50,"column":9}},"3":{"start":{"line":57,"column":6},"end":{"line":111,"column":9}},"4":{"start":{"line":118,"column":6},"end":{"line":133,"column":9}},"5":{"start":{"line":140,"column":6},"end":{"line":156,"column":9}},"6":{"start":{"line":165,"column":13},"end":{"line":166,"column":50}},"7":{"start":{"line":169,"column":22},"end":{"line":169,"column":43}},"8":{"start":{"line":171,"column":2},"end":{"line":176,"column":3}},"9":{"start":{"line":172,"column":4},"end":{"line":175,"column":6}},"10":{"start":{"line":178,"column":18},"end":{"line":178,"column":67}},"11":{"start":{"line":178,"column":43},"end":{"line":178,"column":66}},"12":{"start":{"line":180,"column":2},"end":{"line":182,"column":3}},"13":{"start":{"line":181,"column":4},"end":{"line":181,"column":11}},"14":{"start":{"line":184,"column":17},"end":{"line":191,"column":4}},"15":{"start":{"line":185,"column":4},"end":{"line":187,"column":5}},"16":{"start":{"line":186,"column":6},"end":{"line":186,"column":23}},"17":{"start":{"line":188,"column":4},"end":{"line":190,"column":6}},"18":{"start":{"line":193,"column":2},"end":{"line":193,"column":11}},"19":{"start":{"line":168,"column":0},"end":{"line":168,"column":16}},"20":{"start":{"line":201,"column":22},"end":{"line":203,"column":9}},"21":{"start":{"line":205,"column":2},"end":{"line":207,"column":3}},"22":{"start":{"line":206,"column":4},"end":{"line":206,"column":13}},"23":{"start":{"line":209,"column":14},"end":{"line":209,"column":null}},"24":{"start":{"line":213,"column":2},"end":{"line":213,"column":27}}},"fnMap":{"0":{"name":"(anonymous_0)","decl":{"start":{"line":26,"column":4},"end":{"line":26,"column":6}},"loc":{"start":{"line":26,"column":9},"end":{"line":33,"column":5}}},"1":{"name":"(anonymous_1)","decl":{"start":{"line":38,"column":4},"end":{"line":38,"column":6}},"loc":{"start":{"line":38,"column":9},"end":{"line":51,"column":5}}},"2":{"name":"(anonymous_2)","decl":{"start":{"line":56,"column":4},"end":{"line":56,"column":6}},"loc":{"start":{"line":56,"column":9},"end":{"line":112,"column":5}}},"3":{"name":"(anonymous_3)","decl":{"start":{"line":117,"column":4},"end":{"line":117,"column":6}},"loc":{"start":{"line":117,"column":9},"end":{"line":134,"column":5}}},"4":{"name":"(anonymous_4)","decl":{"start":{"line":139,"column":4},"end":{"line":139,"column":6}},"loc":{"start":{"line":139,"column":9},"end":{"line":157,"column":5}}},"5":{"name":"runMigrations","decl":{"start":{"line":168,"column":16},"end":{"line":168,"column":29}},"loc":{"start":{"line":168,"column":48},"end":{"line":194,"column":1}}},"6":{"name":"(anonymous_6)","decl":{"start":{"line":178,"column":36},"end":{"line":178,"column":37}},"loc":{"start":{"line":178,"column":43},"end":{"line":178,"column":66}}},"7":{"name":"(anonymous_7)","decl":{"start":{"line":184,"column":32},"end":{"line":184,"column":35}},"loc":{"start":{"line":184,"column":37},"end":{"line":191,"column":3}}},"8":{"name":"getCurrentVersion","decl":{"start":{"line":200,"column":9},"end":{"line":200,"column":26}},"loc":{"start":{"line":200,"column":45},"end":{"line":214,"column":1}}}},"branchMap":{"0":{"loc":{"start":{"line":166,"column":2},"end":{"line":166,"column":49}},"type":"binary-expr","locations":[{"start":{"line":166,"column":2},"end":{"line":166,"column":44}},{"start":{"line":166,"column":48},"end":{"line":166,"column":49}}]},"1":{"loc":{"start":{"line":171,"column":2},"end":{"line":176,"column":3}},"type":"if","locations":[{"start":{"line":171,"column":2},"end":{"line":176,"column":3}}]},"2":{"loc":{"start":{"line":180,"column":2},"end":{"line":182,"column":3}},"type":"if","locations":[{"start":{"line":180,"column":2},"end":{"line":182,"column":3}}]},"3":{"loc":{"start":{"line":205,"column":2},"end":{"line":207,"column":3}},"type":"if","locations":[{"start":{"line":205,"column":2},"end":{"line":207,"column":3}}]},"4":{"loc":{"start":{"line":213,"column":9},"end":{"line":213,"column":26}},"type":"binary-expr","locations":[{"start":{"line":213,"column":9},"end":{"line":213,"column":21}},{"start":{"line":213,"column":25},"end":{"line":213,"column":26}}]}},"s":{"0":5,"1":58,"2":58,"3":58,"4":58,"5":58,"6":5,"7":58,"8":58,"9":0,"10":58,"11":290,"12":58,"13":0,"14":58,"15":58,"16":290,"17":58,"18":58,"19":5,"20":58,"21":58,"22":58,"23":0,"24":0},"f":{"0":58,"1":58,"2":58,"3":58,"4":58,"5":58,"6":290,"7":58,"8":58},"b":{"0":[5,0],"1":[0],"2":[0],"3":[58],"4":[0,0]}}
,"/Users/lenypascalihirwe/Documents/work/ecc/projects/angular-electron-poc/electron/domain/command-registry.ts": {"path":"/Users/lenypascalihirwe/Documents/work/ecc/projects/angular-electron-poc/electron/domain/command-registry.ts","statementMap":{"0":{"start":{"line":28,"column":0},"end":{"line":28,"column":9}},"1":{"start":{"line":92,"column":9},"end":{"line":28,"column":24}},"2":{"start":{"line":92,"column":24},"end":{"line":28,"column":65}},"3":{"start":{"line":41,"column":56},"end":{"line":41,"column":60}},"4":{"start":{"line":48,"column":14},"end":{"line":48,"column":44}},"5":{"start":{"line":50,"column":2},"end":{"line":55,"column":3}},"6":{"start":{"line":51,"column":4},"end":{"line":53,"column":5}},"7":{"start":{"line":52,"column":6},"end":{"line":52,"column":64}},"8":{"start":{"line":54,"column":4},"end":{"line":54,"column":49}},"9":{"start":{"line":57,"column":2},"end":{"line":57,"column":32}},"10":{"start":{"line":58,"column":2},"end":{"line":58,"column":18}},"11":{"start":{"line":47,"column":0},"end":{"line":47,"column":16}},"12":{"start":{"line":66,"column":2},"end":{"line":68,"column":3}},"13":{"start":{"line":67,"column":4},"end":{"line":67,"column":91}},"14":{"start":{"line":69,"column":2},"end":{"line":69,"column":61}},"15":{"start":{"line":65,"column":0},"end":{"line":65,"column":16}},"16":{"start":{"line":76,"column":2},"end":{"line":76,"column":27}},"17":{"start":{"line":75,"column":0},"end":{"line":75,"column":16}},"18":{"start":{"line":84,"column":2},"end":{"line":84,"column":27}},"19":{"start":{"line":84,"column":17},"end":{"line":84,"column":27}},"20":{"start":{"line":85,"column":2},"end":{"line":85,"column":37}},"21":{"start":{"line":83,"column":0},"end":{"line":83,"column":16}}},"fnMap":{"0":{"name":"(anonymous_0)","decl":{"start":{"line":92,"column":9},"end":{"line":92,"column":22}},"loc":{"start":{"line":92,"column":9},"end":{"line":28,"column":24}}},"1":{"name":"(anonymous_1)","decl":{"start":{"line":92,"column":24},"end":{"line":92,"column":35}},"loc":{"start":{"line":92,"column":24},"end":{"line":28,"column":65}}},"2":{"name":"initialiseRegistry","decl":{"start":{"line":47,"column":16},"end":{"line":47,"column":34}},"loc":{"start":{"line":47,"column":62},"end":{"line":59,"column":1}}},"3":{"name":"findCommand","decl":{"start":{"line":65,"column":16},"end":{"line":65,"column":27}},"loc":{"start":{"line":65,"column":40},"end":{"line":70,"column":1}}},"4":{"name":"isRegistryInitialised","decl":{"start":{"line":75,"column":16},"end":{"line":75,"column":37}},"loc":{"start":{"line":75,"column":37},"end":{"line":77,"column":1}}},"5":{"name":"registeredCommandNames","decl":{"start":{"line":83,"column":16},"end":{"line":83,"column":38}},"loc":{"start":{"line":83,"column":38},"end":{"line":86,"column":1}}}},"branchMap":{"0":{"loc":{"start":{"line":51,"column":4},"end":{"line":53,"column":5}},"type":"if","locations":[{"start":{"line":51,"column":4},"end":{"line":53,"column":5}}]},"1":{"loc":{"start":{"line":66,"column":2},"end":{"line":68,"column":3}},"type":"if","locations":[{"start":{"line":66,"column":2},"end":{"line":68,"column":3}}]},"2":{"loc":{"start":{"line":84,"column":2},"end":{"line":84,"column":27}},"type":"if","locations":[{"start":{"line":84,"column":2},"end":{"line":84,"column":27}}]}},"s":{"0":1,"1":1,"2":1,"3":1,"4":10,"5":10,"6":27,"7":1,"8":26,"9":9,"10":9,"11":1,"12":3,"13":0,"14":3,"15":1,"16":1,"17":1,"18":2,"19":0,"20":2,"21":1},"f":{"0":0,"1":0,"2":10,"3":3,"4":1,"5":2},"b":{"0":[1],"1":[0],"2":[0]}}
,"/Users/lenypascalihirwe/Documents/work/ecc/projects/angular-electron-poc/electron/domain/command-schemas.ts": {"path":"/Users/lenypascalihirwe/Documents/work/ecc/projects/angular-electron-poc/electron/domain/command-schemas.ts","statementMap":{"0":{"start":{"line":26,"column":58},"end":{"line":223,"column":2}},"1":{"start":{"line":225,"column":13},"end":{"line":226,"column":19}}},"fnMap":{},"branchMap":{},"s":{"0":2,"1":2},"f":{},"b":{}}
,"/Users/lenypascalihirwe/Documents/work/ecc/projects/angular-electron-poc/electron/domain/engine-state.ts": {"path":"/Users/lenypascalihirwe/Documents/work/ecc/projects/angular-electron-poc/electron/domain/engine-state.ts","statementMap":{"0":{"start":{"line":21,"column":53},"end":{"line":25,"column":2}},"1":{"start":{"line":28,"column":32},"end":{"line":28,"column":40}},"2":{"start":{"line":29,"column":41},"end":{"line":29,"column":45}},"3":{"start":{"line":33,"column":4},"end":{"line":33,"column":23}},"4":{"start":{"line":38,"column":4},"end":{"line":38,"column":30}},"5":{"start":{"line":43,"column":4},"end":{"line":43,"column":26}},"6":{"start":{"line":44,"column":4},"end":{"line":44,"column":30}},"7":{"start":{"line":49,"column":4},"end":{"line":49,"column":27}},"8":{"start":{"line":50,"column":4},"end":{"line":50,"column":30}},"9":{"start":{"line":55,"column":4},"end":{"line":55,"column":29}},"10":{"start":{"line":56,"column":4},"end":{"line":56,"column":32}},"11":{"start":{"line":61,"column":4},"end":{"line":61,"column":26}},"12":{"start":{"line":62,"column":4},"end":{"line":62,"column":32}},"13":{"start":{"line":67,"column":4},"end":{"line":67,"column":29}},"14":{"start":{"line":68,"column":4},"end":{"line":68,"column":30}},"15":{"start":{"line":77,"column":4},"end":{"line":100,"column":5}},"16":{"start":{"line":80,"column":8},"end":{"line":80,"column":20}},"17":{"start":{"line":84,"column":8},"end":{"line":84,"column":56}},"18":{"start":{"line":88,"column":8},"end":{"line":96,"column":10}},"19":{"start":{"line":99,"column":8},"end":{"line":99,"column":21}},"20":{"start":{"line":107,"column":17},"end":{"line":107,"column":41}},"21":{"start":{"line":108,"column":4},"end":{"line":108,"column":73}},"22":{"start":{"line":27,"column":0},"end":{"line":27,"column":13}}},"fnMap":{"0":{"name":"(anonymous_0)","decl":{"start":{"line":32,"column":2},"end":{"line":32,"column":6}},"loc":{"start":{"line":32,"column":11},"end":{"line":34,"column":3}}},"1":{"name":"(anonymous_1)","decl":{"start":{"line":37,"column":2},"end":{"line":37,"column":6}},"loc":{"start":{"line":37,"column":18},"end":{"line":39,"column":3}}},"2":{"name":"(anonymous_2)","decl":{"start":{"line":42,"column":2},"end":{"line":42,"column":11}},"loc":{"start":{"line":42,"column":11},"end":{"line":45,"column":3}}},"3":{"name":"(anonymous_3)","decl":{"start":{"line":48,"column":2},"end":{"line":48,"column":12}},"loc":{"start":{"line":48,"column":12},"end":{"line":51,"column":3}}},"4":{"name":"(anonymous_4)","decl":{"start":{"line":54,"column":2},"end":{"line":54,"column":14}},"loc":{"start":{"line":54,"column":29},"end":{"line":57,"column":3}}},"5":{"name":"(anonymous_5)","decl":{"start":{"line":60,"column":2},"end":{"line":60,"column":11}},"loc":{"start":{"line":60,"column":26},"end":{"line":63,"column":3}}},"6":{"name":"(anonymous_6)","decl":{"start":{"line":66,"column":2},"end":{"line":66,"column":14}},"loc":{"start":{"line":66,"column":14},"end":{"line":69,"column":3}}},"7":{"name":"(anonymous_7)","decl":{"start":{"line":76,"column":2},"end":{"line":76,"column":18}},"loc":{"start":{"line":76,"column":38},"end":{"line":101,"column":3}}},"8":{"name":"(anonymous_8)","decl":{"start":{"line":106,"column":2},"end":{"line":106,"column":10}},"loc":{"start":{"line":106,"column":10},"end":{"line":109,"column":3}}}},"branchMap":{"0":{"loc":{"start":{"line":77,"column":4},"end":{"line":100,"column":5}},"type":"switch","locations":[{"start":{"line":78,"column":6},"end":{"line":78,"column":19}},{"start":{"line":79,"column":6},"end":{"line":80,"column":20}},{"start":{"line":82,"column":6},"end":{"line":82,"column":20}},{"start":{"line":83,"column":6},"end":{"line":84,"column":56}},{"start":{"line":86,"column":6},"end":{"line":96,"column":10}},{"start":{"line":98,"column":6},"end":{"line":99,"column":21}}]},"1":{"loc":{"start":{"line":89,"column":10},"end":{"line":95,"column":42}},"type":"binary-expr","locations":[{"start":{"line":89,"column":10},"end":{"line":89,"column":50}},{"start":{"line":90,"column":10},"end":{"line":90,"column":44}},{"start":{"line":91,"column":10},"end":{"line":91,"column":49}},{"start":{"line":92,"column":10},"end":{"line":92,"column":36}},{"start":{"line":93,"column":10},"end":{"line":93,"column":37}},{"start":{"line":94,"column":10},"end":{"line":94,"column":43}},{"start":{"line":95,"column":10},"end":{"line":95,"column":42}}]},"2":{"loc":{"start":{"line":108,"column":11},"end":{"line":108,"column":72}},"type":"cond-expr","locations":[{"start":{"line":108,"column":32},"end":{"line":108,"column":65}},{"start":{"line":108,"column":68},"end":{"line":108,"column":72}}]}},"s":{"0":6,"1":70,"2":70,"3":28,"4":6,"5":12,"6":12,"7":2,"8":2,"9":4,"10":4,"11":6,"12":6,"13":2,"14":2,"15":26,"16":4,"17":9,"18":13,"19":0,"20":9,"21":9,"22":6},"f":{"0":28,"1":6,"2":12,"3":2,"4":4,"5":6,"6":2,"7":26,"8":9},"b":{"0":[3,4,5,9,13,0],"1":[13,10,9,8,7,6,5],"2":[2,7]}}
,"/Users/lenypascalihirwe/Documents/work/ecc/projects/angular-electron-poc/electron/domain/json-schema-validator.ts": {"path":"/Users/lenypascalihirwe/Documents/work/ecc/projects/angular-electron-poc/electron/domain/json-schema-validator.ts","statementMap":{"0":{"start":{"line":61,"column":42},"end":{"line":61,"column":44}},"1":{"start":{"line":62,"column":2},"end":{"line":62,"column":42}},"2":{"start":{"line":63,"column":2},"end":{"line":63,"column":16}},"3":{"start":{"line":57,"column":0},"end":{"line":57,"column":16}},"4":{"start":{"line":70,"column":2},"end":{"line":70,"column":51}},"5":{"start":{"line":69,"column":0},"end":{"line":69,"column":16}},"6":{"start":{"line":84,"column":2},"end":{"line":94,"column":3}},"7":{"start":{"line":85,"column":18},"end":{"line":85,"column":74}},"8":{"start":{"line":86,"column":4},"end":{"line":93,"column":5}},"9":{"start":{"line":86,"column":27},"end":{"line":86,"column":46}},"10":{"start":{"line":87,"column":23},"end":{"line":87,"column":61}},"11":{"start":{"line":88,"column":6},"end":{"line":91,"column":9}},"12":{"start":{"line":92,"column":6},"end":{"line":92,"column":13}},"13":{"start":{"line":97,"column":2},"end":{"line":104,"column":3}},"14":{"start":{"line":98,"column":4},"end":{"line":103,"column":5}},"15":{"start":{"line":98,"column":33},"end":{"line":98,"column":44}},"16":{"start":{"line":99,"column":6},"end":{"line":102,"column":9}},"17":{"start":{"line":107,"column":2},"end":{"line":120,"column":3}},"18":{"start":{"line":108,"column":4},"end":{"line":113,"column":5}},"19":{"start":{"line":109,"column":6},"end":{"line":112,"column":9}},"20":{"start":{"line":114,"column":4},"end":{"line":119,"column":5}},"21":{"start":{"line":115,"column":6},"end":{"line":118,"column":9}},"22":{"start":{"line":123,"column":2},"end":{"line":130,"column":3}},"23":{"start":{"line":124,"column":4},"end":{"line":126,"column":5}},"24":{"start":{"line":125,"column":6},"end":{"line":125,"column":81}},"25":{"start":{"line":127,"column":4},"end":{"line":129,"column":5}},"26":{"start":{"line":128,"column":6},"end":{"line":128,"column":83}},"27":{"start":{"line":133,"column":2},"end":{"line":162,"column":3}},"28":{"start":{"line":135,"column":4},"end":{"line":141,"column":5}},"29":{"start":{"line":136,"column":6},"end":{"line":140,"column":7}},"30":{"start":{"line":137,"column":8},"end":{"line":139,"column":9}},"31":{"start":{"line":138,"column":10},"end":{"line":138,"column":88}},"32":{"start":{"line":144,"column":4},"end":{"line":154,"column":5}},"33":{"start":{"line":145,"column":20},"end":{"line":145,"column":59}},"34":{"start":{"line":146,"column":6},"end":{"line":153,"column":7}},"35":{"start":{"line":147,"column":8},"end":{"line":152,"column":9}},"36":{"start":{"line":148,"column":10},"end":{"line":151,"column":13}},"37":{"start":{"line":157,"column":4},"end":{"line":161,"column":5}},"38":{"start":{"line":158,"column":6},"end":{"line":160,"column":7}},"39":{"start":{"line":159,"column":8},"end":{"line":159,"column":99}},"40":{"start":{"line":165,"column":2},"end":{"line":181,"column":3}},"41":{"start":{"line":166,"column":4},"end":{"line":171,"column":5}},"42":{"start":{"line":167,"column":6},"end":{"line":170,"column":9}},"43":{"start":{"line":172,"column":4},"end":{"line":177,"column":5}},"44":{"start":{"line":173,"column":6},"end":{"line":176,"column":9}},"45":{"start":{"line":178,"column":4},"end":{"line":180,"column":5}},"46":{"start":{"line":178,"column":17},"end":{"line":178,"column":18}},"47":{"start":{"line":179,"column":6},"end":{"line":179,"column":68}},"48":{"start":{"line":189,"column":2},"end":{"line":202,"column":3}},"49":{"start":{"line":191,"column":6},"end":{"line":191,"column":28}},"50":{"start":{"line":193,"column":6},"end":{"line":193,"column":34}},"51":{"start":{"line":195,"column":6},"end":{"line":195,"column":66}},"52":{"start":{"line":197,"column":6},"end":{"line":197,"column":39}},"53":{"start":{"line":199,"column":6},"end":{"line":199,"column":82}},"54":{"start":{"line":201,"column":6},"end":{"line":201,"column":35}},"55":{"start":{"line":206,"column":2},"end":{"line":206,"column":78}}},"fnMap":{"0":{"name":"validateSchema","decl":{"start":{"line":57,"column":16},"end":{"line":57,"column":30}},"loc":{"start":{"line":59,"column":20},"end":{"line":64,"column":1}}},"1":{"name":"isValid","decl":{"start":{"line":69,"column":16},"end":{"line":69,"column":23}},"loc":{"start":{"line":69,"column":57},"end":{"line":71,"column":1}}},"2":{"name":"validateNode","decl":{"start":{"line":77,"column":9},"end":{"line":77,"column":21}},"loc":{"start":{"line":81,"column":33},"end":{"line":182,"column":1}}},"3":{"name":"(anonymous_3)","decl":{"start":{"line":86,"column":20},"end":{"line":86,"column":21}},"loc":{"start":{"line":86,"column":27},"end":{"line":86,"column":46}}},"4":{"name":"(anonymous_4)","decl":{"start":{"line":98,"column":26},"end":{"line":98,"column":27}},"loc":{"start":{"line":98,"column":33},"end":{"line":98,"column":44}}},"5":{"name":"checkType","decl":{"start":{"line":188,"column":9},"end":{"line":188,"column":18}},"loc":{"start":{"line":188,"column":55},"end":{"line":203,"column":1}}},"6":{"name":"isObject","decl":{"start":{"line":205,"column":9},"end":{"line":205,"column":17}},"loc":{"start":{"line":205,"column":32},"end":{"line":207,"column":1}}}},"branchMap":{"0":{"loc":{"start":{"line":84,"column":2},"end":{"line":94,"column":3}},"type":"if","locations":[{"start":{"line":84,"column":2},"end":{"line":94,"column":3}}]},"1":{"loc":{"start":{"line":85,"column":18},"end":{"line":85,"column":74}},"type":"cond-expr","locations":[{"start":{"line":85,"column":47},"end":{"line":85,"column":58}},{"start":{"line":85,"column":61},"end":{"line":85,"column":74}}]},"2":{"loc":{"start":{"line":86,"column":4},"end":{"line":93,"column":5}},"type":"if","locations":[{"start":{"line":86,"column":4},"end":{"line":93,"column":5}}]},"3":{"loc":{"start":{"line":87,"column":23},"end":{"line":87,"column":61}},"type":"cond-expr","locations":[{"start":{"line":87,"column":40},"end":{"line":87,"column":46}},{"start":{"line":87,"column":49},"end":{"line":87,"column":61}}]},"4":{"loc":{"start":{"line":97,"column":2},"end":{"line":104,"column":3}},"type":"if","locations":[{"start":{"line":97,"column":2},"end":{"line":104,"column":3}}]},"5":{"loc":{"start":{"line":98,"column":4},"end":{"line":103,"column":5}},"type":"if","locations":[{"start":{"line":98,"column":4},"end":{"line":103,"column":5}}]},"6":{"loc":{"start":{"line":107,"column":2},"end":{"line":120,"column":3}},"type":"if","locations":[{"start":{"line":107,"column":2},"end":{"line":120,"column":3}}]},"7":{"loc":{"start":{"line":108,"column":4},"end":{"line":113,"column":5}},"type":"if","locations":[{"start":{"line":108,"column":4},"end":{"line":113,"column":5}}]},"8":{"loc":{"start":{"line":108,"column":8},"end":{"line":108,"column":73}},"type":"binary-expr","locations":[{"start":{"line":108,"column":8},"end":{"line":108,"column":38}},{"start":{"line":108,"column":42},"end":{"line":108,"column":73}}]},"9":{"loc":{"start":{"line":114,"column":4},"end":{"line":119,"column":5}},"type":"if","locations":[{"start":{"line":114,"column":4},"end":{"line":119,"column":5}}]},"10":{"loc":{"start":{"line":114,"column":8},"end":{"line":114,"column":73}},"type":"binary-expr","locations":[{"start":{"line":114,"column":8},"end":{"line":114,"column":38}},{"start":{"line":114,"column":42},"end":{"line":114,"column":73}}]},"11":{"loc":{"start":{"line":123,"column":2},"end":{"line":130,"column":3}},"type":"if","locations":[{"start":{"line":123,"column":2},"end":{"line":130,"column":3}}]},"12":{"loc":{"start":{"line":124,"column":4},"end":{"line":126,"column":5}},"type":"if","locations":[{"start":{"line":124,"column":4},"end":{"line":126,"column":5}}]},"13":{"loc":{"start":{"line":124,"column":8},"end":{"line":124,"column":62}},"type":"binary-expr","locations":[{"start":{"line":124,"column":8},"end":{"line":124,"column":36}},{"start":{"line":124,"column":40},"end":{"line":124,"column":62}}]},"14":{"loc":{"start":{"line":127,"column":4},"end":{"line":129,"column":5}},"type":"if","locations":[{"start":{"line":127,"column":4},"end":{"line":129,"column":5}}]},"15":{"loc":{"start":{"line":127,"column":8},"end":{"line":127,"column":62}},"type":"binary-expr","locations":[{"start":{"line":127,"column":8},"end":{"line":127,"column":36}},{"start":{"line":127,"column":40},"end":{"line":127,"column":62}}]},"16":{"loc":{"start":{"line":133,"column":2},"end":{"line":162,"column":3}},"type":"if","locations":[{"start":{"line":133,"column":2},"end":{"line":162,"column":3}}]},"17":{"loc":{"start":{"line":133,"column":6},"end":{"line":133,"column":42}},"type":"binary-expr","locations":[{"start":{"line":133,"column":6},"end":{"line":133,"column":21}},{"start":{"line":133,"column":25},"end":{"line":133,"column":42}}]},"18":{"loc":{"start":{"line":135,"column":4},"end":{"line":141,"column":5}},"type":"if","locations":[{"start":{"line":135,"column":4},"end":{"line":141,"column":5}}]},"19":{"loc":{"start":{"line":137,"column":8},"end":{"line":139,"column":9}},"type":"if","locations":[{"start":{"line":137,"column":8},"end":{"line":139,"column":9}}]},"20":{"loc":{"start":{"line":144,"column":4},"end":{"line":154,"column":5}},"type":"if","locations":[{"start":{"line":144,"column":4},"end":{"line":154,"column":5}}]},"21":{"loc":{"start":{"line":147,"column":8},"end":{"line":152,"column":9}},"type":"if","locations":[{"start":{"line":147,"column":8},"end":{"line":152,"column":9}}]},"22":{"loc":{"start":{"line":158,"column":6},"end":{"line":160,"column":7}},"type":"if","locations":[{"start":{"line":158,"column":6},"end":{"line":160,"column":7}}]},"23":{"loc":{"start":{"line":165,"column":2},"end":{"line":181,"column":3}},"type":"if","locations":[{"start":{"line":165,"column":2},"end":{"line":181,"column":3}}]},"24":{"loc":{"start":{"line":165,"column":6},"end":{"line":165,"column":42}},"type":"binary-expr","locations":[{"start":{"line":165,"column":6},"end":{"line":165,"column":26}},{"start":{"line":165,"column":30},"end":{"line":165,"column":42}}]},"25":{"loc":{"start":{"line":166,"column":4},"end":{"line":171,"column":5}},"type":"if","locations":[{"start":{"line":166,"column":4},"end":{"line":171,"column":5}}]},"26":{"loc":{"start":{"line":166,"column":8},"end":{"line":166,"column":71}},"type":"binary-expr","locations":[{"start":{"line":166,"column":8},"end":{"line":166,"column":37}},{"start":{"line":166,"column":41},"end":{"line":166,"column":71}}]},"27":{"loc":{"start":{"line":172,"column":4},"end":{"line":177,"column":5}},"type":"if","locations":[{"start":{"line":172,"column":4},"end":{"line":177,"column":5}}]},"28":{"loc":{"start":{"line":172,"column":8},"end":{"line":172,"column":71}},"type":"binary-expr","locations":[{"start":{"line":172,"column":8},"end":{"line":172,"column":37}},{"start":{"line":172,"column":41},"end":{"line":172,"column":71}}]},"29":{"loc":{"start":{"line":189,"column":2},"end":{"line":202,"column":3}},"type":"switch","locations":[{"start":{"line":190,"column":4},"end":{"line":191,"column":28}},{"start":{"line":192,"column":4},"end":{"line":193,"column":34}},{"start":{"line":194,"column":4},"end":{"line":195,"column":66}},{"start":{"line":196,"column":4},"end":{"line":197,"column":39}},{"start":{"line":198,"column":4},"end":{"line":199,"column":82}},{"start":{"line":200,"column":4},"end":{"line":201,"column":35}}]},"30":{"loc":{"start":{"line":195,"column":13},"end":{"line":195,"column":65}},"type":"binary-expr","locations":[{"start":{"line":195,"column":13},"end":{"line":195,"column":38}},{"start":{"line":195,"column":42},"end":{"line":195,"column":65}}]},"31":{"loc":{"start":{"line":199,"column":13},"end":{"line":199,"column":81}},"type":"binary-expr","locations":[{"start":{"line":199,"column":13},"end":{"line":199,"column":38}},{"start":{"line":199,"column":42},"end":{"line":199,"column":56}},{"start":{"line":199,"column":60},"end":{"line":199,"column":81}}]},"32":{"loc":{"start":{"line":206,"column":9},"end":{"line":206,"column":77}},"type":"binary-expr","locations":[{"start":{"line":206,"column":9},"end":{"line":206,"column":34}},{"start":{"line":206,"column":38},"end":{"line":206,"column":52}},{"start":{"line":206,"column":56},"end":{"line":206,"column":77}}]}},"s":{"0":52,"1":52,"2":52,"3":2,"4":24,"5":2,"6":98,"7":96,"8":96,"9":98,"10":9,"11":9,"12":9,"13":89,"14":2,"15":4,"16":1,"17":89,"18":25,"19":1,"20":25,"21":1,"22":89,"23":21,"24":2,"25":21,"26":1,"27":89,"28":29,"29":22,"30":31,"31":8,"32":29,"33":14,"34":14,"35":19,"36":3,"37":29,"38":57,"39":30,"40":89,"41":8,"42":1,"43":8,"44":1,"45":8,"46":8,"47":16,"48":98,"49":2,"50":9,"51":18,"52":6,"53":32,"54":31,"55":89},"f":{"0":52,"1":24,"2":98,"3":98,"4":4,"5":98,"6":89},"b":{"0":[96],"1":[3,93],"2":[9],"3":[2,7],"4":[2],"5":[1],"6":[25],"7":[1],"8":[25,8],"9":[1],"10":[25,7],"11":[21],"12":[2],"13":[21,6],"14":[1],"15":[21,2],"16":[29],"17":[89,31],"18":[22],"19":[8],"20":[14],"21":[3],"22":[30],"23":[8],"24":[89,9],"25":[1],"26":[8,6],"27":[1],"28":[8,6],"29":[2,9,18,6,32,31],"30":[18,16],"31":[32,32,31],"32":[89,42,40]}}
,"/Users/lenypascalihirwe/Documents/work/ecc/projects/angular-electron-poc/electron/domain/rate-limiter.ts": {"path":"/Users/lenypascalihirwe/Documents/work/ecc/projects/angular-electron-poc/electron/domain/rate-limiter.ts","statementMap":{"0":{"start":{"line":36,"column":29},"end":{"line":36,"column":56}},"1":{"start":{"line":40,"column":4},"end":{"line":43,"column":6}},"2":{"start":{"line":55,"column":21},"end":{"line":57,"column":34}},"3":{"start":{"line":59,"column":16},"end":{"line":59,"column":26}},"4":{"start":{"line":60,"column":19},"end":{"line":60,"column":51}},"5":{"start":{"line":62,"column":21},"end":{"line":62,"column":42}},"6":{"start":{"line":64,"column":4},"end":{"line":67,"column":5}},"7":{"start":{"line":65,"column":6},"end":{"line":65,"column":22}},"8":{"start":{"line":66,"column":6},"end":{"line":66,"column":40}},"9":{"start":{"line":70,"column":4},"end":{"line":72,"column":5}},"10":{"start":{"line":71,"column":6},"end":{"line":71,"column":25}},"11":{"start":{"line":74,"column":4},"end":{"line":80,"column":5}},"12":{"start":{"line":75,"column":27},"end":{"line":75,"column":49}},"13":{"start":{"line":76,"column":6},"end":{"line":79,"column":8}},"14":{"start":{"line":82,"column":4},"end":{"line":82,"column":25}},"15":{"start":{"line":83,"column":4},"end":{"line":83,"column":29}},"16":{"start":{"line":91,"column":4},"end":{"line":91,"column":25}},"17":{"start":{"line":98,"column":16},"end":{"line":98,"column":26}},"18":{"start":{"line":99,"column":19},"end":{"line":99,"column":51}},"19":{"start":{"line":100,"column":23},"end":{"line":100,"column":44}},"20":{"start":{"line":101,"column":4},"end":{"line":101,"column":30}},"21":{"start":{"line":101,"column":21},"end":{"line":101,"column":30}},"22":{"start":{"line":103,"column":4},"end":{"line":105,"column":5}},"23":{"start":{"line":104,"column":6},"end":{"line":104,"column":25}},"24":{"start":{"line":106,"column":4},"end":{"line":106,"column":29}},"25":{"start":{"line":35,"column":0},"end":{"line":35,"column":13}}},"fnMap":{"0":{"name":"(anonymous_0)","decl":{"start":{"line":39,"column":2},"end":{"line":39,"column":14}},"loc":{"start":{"line":39,"column":53},"end":{"line":44,"column":3}}},"1":{"name":"(anonymous_1)","decl":{"start":{"line":54,"column":2},"end":{"line":54,"column":7}},"loc":{"start":{"line":54,"column":43},"end":{"line":84,"column":3}}},"2":{"name":"(anonymous_2)","decl":{"start":{"line":90,"column":2},"end":{"line":90,"column":7}},"loc":{"start":{"line":90,"column":7},"end":{"line":92,"column":3}}},"3":{"name":"(anonymous_3)","decl":{"start":{"line":97,"column":2},"end":{"line":97,"column":7}},"loc":{"start":{"line":97,"column":19},"end":{"line":107,"column":3}}}},"branchMap":{"0":{"loc":{"start":{"line":41,"column":16},"end":{"line":41,"column":48}},"type":"binary-expr","locations":[{"start":{"line":41,"column":16},"end":{"line":41,"column":38}},{"start":{"line":41,"column":42},"end":{"line":41,"column":48}}]},"1":{"loc":{"start":{"line":42,"column":16},"end":{"line":42,"column":44}},"type":"binary-expr","locations":[{"start":{"line":42,"column":16},"end":{"line":42,"column":38}},{"start":{"line":42,"column":42},"end":{"line":42,"column":44}}]},"2":{"loc":{"start":{"line":55,"column":21},"end":{"line":57,"column":34}},"type":"cond-expr","locations":[{"start":{"line":56,"column":8},"end":{"line":56,"column":21}},{"start":{"line":57,"column":8},"end":{"line":57,"column":34}}]},"3":{"loc":{"start":{"line":55,"column":21},"end":{"line":55,"column":55}},"type":"binary-expr","locations":[{"start":{"line":55,"column":21},"end":{"line":55,"column":34}},{"start":{"line":55,"column":38},"end":{"line":55,"column":55}}]},"4":{"loc":{"start":{"line":64,"column":4},"end":{"line":67,"column":5}},"type":"if","locations":[{"start":{"line":64,"column":4},"end":{"line":67,"column":5}}]},"5":{"loc":{"start":{"line":70,"column":11},"end":{"line":70,"column":59}},"type":"binary-expr","locations":[{"start":{"line":70,"column":11},"end":{"line":70,"column":32}},{"start":{"line":70,"column":36},"end":{"line":70,"column":59}}]},"6":{"loc":{"start":{"line":74,"column":4},"end":{"line":80,"column":5}},"type":"if","locations":[{"start":{"line":74,"column":4},"end":{"line":80,"column":5}}]},"7":{"loc":{"start":{"line":101,"column":4},"end":{"line":101,"column":30}},"type":"if","locations":[{"start":{"line":101,"column":4},"end":{"line":101,"column":30}}]},"8":{"loc":{"start":{"line":103,"column":11},"end":{"line":103,"column":59}},"type":"binary-expr","locations":[{"start":{"line":103,"column":11},"end":{"line":103,"column":32}},{"start":{"line":103,"column":36},"end":{"line":103,"column":59}}]}},"s":{"0":16,"1":16,"2":124,"3":124,"4":124,"5":124,"6":124,"7":17,"8":17,"9":124,"10":5,"11":124,"12":7,"13":7,"14":117,"15":117,"16":1,"17":7,"18":7,"19":7,"20":7,"21":1,"22":6,"23":2,"24":6,"25":2},"f":{"0":16,"1":124,"2":1,"3":7},"b":{"0":[16,2],"1":[16,1],"2":[9,115],"3":[124,9],"4":[17],"5":[129,111],"6":[7],"7":[1],"8":[8,7]}}
,"/Users/lenypascalihirwe/Documents/work/ecc/projects/angular-electron-poc/electron/domain/validation-pipeline.ts": {"path":"/Users/lenypascalihirwe/Documents/work/ecc/projects/angular-electron-poc/electron/domain/validation-pipeline.ts","statementMap":{"0":{"start":{"line":24,"column":0},"end":{"line":24,"column":52}},"1":{"start":{"line":25,"column":0},"end":{"line":25,"column":63}},"2":{"start":{"line":26,"column":0},"end":{"line":26,"column":57}},"3":{"start":{"line":28,"column":0},"end":{"line":28,"column":52}},"4":{"start":{"line":29,"column":0},"end":{"line":29,"column":45}},"5":{"start":{"line":37,"column":26},"end":{"line":37,"column":32}},"6":{"start":{"line":43,"column":20},"end":{"line":46,"column":2}},"7":{"start":{"line":61,"column":16},"end":{"line":61,"column":62}},"8":{"start":{"line":62,"column":2},"end":{"line":68,"column":3}},"9":{"start":{"line":63,"column":4},"end":{"line":67,"column":6}},"10":{"start":{"line":69,"column":2},"end":{"line":69,"column":14}},"11":{"start":{"line":78,"column":2},"end":{"line":84,"column":3}},"12":{"start":{"line":79,"column":4},"end":{"line":83,"column":6}},"13":{"start":{"line":85,"column":2},"end":{"line":85,"column":14}},"14":{"start":{"line":96,"column":2},"end":{"line":98,"column":3}},"15":{"start":{"line":97,"column":4},"end":{"line":97,"column":92}},"16":{"start":{"line":100,"column":14},"end":{"line":100,"column":45}},"17":{"start":{"line":103,"column":2},"end":{"line":110,"column":3}},"18":{"start":{"line":104,"column":4},"end":{"line":109,"column":6}},"19":{"start":{"line":113,"column":2},"end":{"line":119,"column":3}},"20":{"start":{"line":114,"column":4},"end":{"line":118,"column":6}},"21":{"start":{"line":122,"column":2},"end":{"line":124,"column":3}},"22":{"start":{"line":123,"column":4},"end":{"line":123,"column":86}},"23":{"start":{"line":127,"column":2},"end":{"line":133,"column":3}},"24":{"start":{"line":128,"column":4},"end":{"line":132,"column":6}},"25":{"start":{"line":136,"column":2},"end":{"line":138,"column":3}},"26":{"start":{"line":137,"column":4},"end":{"line":137,"column":87}},"27":{"start":{"line":140,"column":2},"end":{"line":140,"column":14}},"28":{"start":{"line":158,"column":4},"end":{"line":158,"column":56}},"29":{"start":{"line":160,"column":2},"end":{"line":162,"column":3}},"30":{"start":{"line":161,"column":4},"end":{"line":161,"column":16}},"31":{"start":{"line":164,"column":18},"end":{"line":164,"column":40}},"32":{"start":{"line":165,"column":17},"end":{"line":165,"column":48}},"33":{"start":{"line":167,"column":2},"end":{"line":184,"column":3}},"34":{"start":{"line":169,"column":4},"end":{"line":172,"column":6}},"35":{"start":{"line":171,"column":24},"end":{"line":171,"column":49}},"36":{"start":{"line":174,"column":4},"end":{"line":183,"column":6}},"37":{"start":{"line":186,"column":2},"end":{"line":186,"column":14}},"38":{"start":{"line":200,"column":2},"end":{"line":202,"column":3}},"39":{"start":{"line":201,"column":4},"end":{"line":201,"column":16}},"40":{"start":{"line":204,"column":43},"end":{"line":204,"column":62}},"41":{"start":{"line":205,"column":2},"end":{"line":211,"column":3}},"42":{"start":{"line":206,"column":4},"end":{"line":210,"column":6}},"43":{"start":{"line":213,"column":2},"end":{"line":213,"column":14}},"44":{"start":{"line":231,"column":2},"end":{"line":247,"column":3}},"45":{"start":{"line":232,"column":17},"end":{"line":232,"column":47}},"46":{"start":{"line":233,"column":4},"end":{"line":240,"column":5}},"47":{"start":{"line":234,"column":6},"end":{"line":239,"column":8}},"48":{"start":{"line":242,"column":4},"end":{"line":246,"column":6}},"49":{"start":{"line":250,"column":29},"end":{"line":250,"column":46}},"50":{"start":{"line":251,"column":17},"end":{"line":251,"column":68}},"51":{"start":{"line":253,"column":2},"end":{"line":259,"column":3}},"52":{"start":{"line":254,"column":4},"end":{"line":258,"column":6}},"53":{"start":{"line":261,"column":2},"end":{"line":261,"column":14}},"54":{"start":{"line":303,"column":24},"end":{"line":306,"column":null}},"55":{"start":{"line":308,"column":2},"end":{"line":308,"column":69}},"56":{"start":{"line":308,"column":21},"end":{"line":308,"column":69}},"57":{"start":{"line":312,"column":18},"end":{"line":312,"column":71}},"58":{"start":{"line":313,"column":18},"end":{"line":313,"column":31}},"59":{"start":{"line":316,"column":27},"end":{"line":316,"column":56}},"60":{"start":{"line":317,"column":2},"end":{"line":317,"column":75}},"61":{"start":{"line":317,"column":24},"end":{"line":317,"column":75}},"62":{"start":{"line":320,"column":23},"end":{"line":320,"column":49}},"63":{"start":{"line":321,"column":2},"end":{"line":321,"column":67}},"64":{"start":{"line":321,"column":20},"end":{"line":321,"column":67}},"65":{"start":{"line":324,"column":19},"end":{"line":324,"column":45}},"66":{"start":{"line":325,"column":18},"end":{"line":325,"column":44}},"67":{"start":{"line":326,"column":2},"end":{"line":335,"column":3}},"68":{"start":{"line":327,"column":4},"end":{"line":334,"column":6}},"69":{"start":{"line":338,"column":24},"end":{"line":338,"column":60}},"70":{"start":{"line":339,"column":2},"end":{"line":339,"column":69}},"71":{"start":{"line":339,"column":21},"end":{"line":339,"column":69}},"72":{"start":{"line":342,"column":25},"end":{"line":342,"column":71}},"73":{"start":{"line":343,"column":2},"end":{"line":343,"column":71}},"74":{"start":{"line":343,"column":22},"end":{"line":343,"column":71}},"75":{"start":{"line":347,"column":22},"end":{"line":347,"column":60}},"76":{"start":{"line":348,"column":2},"end":{"line":348,"column":65}},"77":{"start":{"line":348,"column":19},"end":{"line":348,"column":65}},"78":{"start":{"line":350,"column":2},"end":{"line":350,"column":44}},"79":{"start":{"line":297,"column":0},"end":{"line":297,"column":16}},"80":{"start":{"line":361,"column":2},"end":{"line":369,"column":4}},"81":{"start":{"line":357,"column":0},"end":{"line":357,"column":16}},"82":{"start":{"line":381,"column":2},"end":{"line":381,"column":54}}},"fnMap":{"0":{"name":"gateSenderIdentity","decl":{"start":{"line":56,"column":9},"end":{"line":56,"column":27}},"loc":{"start":{"line":59,"column":23},"end":{"line":70,"column":1}}},"1":{"name":"gateCommandAllowList","decl":{"start":{"line":77,"column":9},"end":{"line":77,"column":29}},"loc":{"start":{"line":77,"column":43},"end":{"line":86,"column":1}}},"2":{"name":"gateEnvelopeShape","decl":{"start":{"line":95,"column":9},"end":{"line":95,"column":26}},"loc":{"start":{"line":95,"column":40},"end":{"line":141,"column":1}}},"3":{"name":"gatePayloadSchema","decl":{"start":{"line":153,"column":9},"end":{"line":153,"column":26}},"loc":{"start":{"line":155,"column":28},"end":{"line":187,"column":1}}},"4":{"name":"(anonymous_4)","decl":{"start":{"line":171,"column":17},"end":{"line":171,"column":18}},"loc":{"start":{"line":171,"column":24},"end":{"line":171,"column":49}}},"5":{"name":"gateSessionScope","decl":{"start":{"line":196,"column":9},"end":{"line":196,"column":25}},"loc":{"start":{"line":198,"column":33},"end":{"line":214,"column":1}}},"6":{"name":"gateRateAndSizeLimit","decl":{"start":{"line":226,"column":9},"end":{"line":226,"column":29}},"loc":{"start":{"line":228,"column":28},"end":{"line":262,"column":1}}},"7":{"name":"validateCommand","decl":{"start":{"line":297,"column":16},"end":{"line":297,"column":31}},"loc":{"start":{"line":300,"column":62},"end":{"line":351,"column":1}}},"8":{"name":"buildErrorResponse","decl":{"start":{"line":357,"column":16},"end":{"line":357,"column":34}},"loc":{"start":{"line":359,"column":20},"end":{"line":370,"column":1}}},"9":{"name":"sanitisePath","decl":{"start":{"line":380,"column":9},"end":{"line":380,"column":21}},"loc":{"start":{"line":380,"column":34},"end":{"line":382,"column":1}}}},"branchMap":{"0":{"loc":{"start":{"line":62,"column":2},"end":{"line":68,"column":3}},"type":"if","locations":[{"start":{"line":62,"column":2},"end":{"line":68,"column":3}}]},"1":{"loc":{"start":{"line":78,"column":2},"end":{"line":84,"column":3}},"type":"if","locations":[{"start":{"line":78,"column":2},"end":{"line":84,"column":3}}]},"2":{"loc":{"start":{"line":78,"column":6},"end":{"line":78,"column":86}},"type":"binary-expr","locations":[{"start":{"line":78,"column":6},"end":{"line":78,"column":30}},{"start":{"line":78,"column":34},"end":{"line":78,"column":86}}]},"3":{"loc":{"start":{"line":96,"column":2},"end":{"line":98,"column":3}},"type":"if","locations":[{"start":{"line":96,"column":2},"end":{"line":98,"column":3}}]},"4":{"loc":{"start":{"line":96,"column":6},"end":{"line":96,"column":47}},"type":"binary-expr","locations":[{"start":{"line":96,"column":6},"end":{"line":96,"column":30}},{"start":{"line":96,"column":34},"end":{"line":96,"column":47}}]},"5":{"loc":{"start":{"line":103,"column":2},"end":{"line":110,"column":3}},"type":"if","locations":[{"start":{"line":103,"column":2},"end":{"line":110,"column":3}}]},"6":{"loc":{"start":{"line":113,"column":2},"end":{"line":119,"column":3}},"type":"if","locations":[{"start":{"line":113,"column":2},"end":{"line":119,"column":3}}]},"7":{"loc":{"start":{"line":113,"column":6},"end":{"line":113,"column":55}},"type":"binary-expr","locations":[{"start":{"line":113,"column":6},"end":{"line":113,"column":32}},{"start":{"line":113,"column":36},"end":{"line":113,"column":55}}]},"8":{"loc":{"start":{"line":122,"column":2},"end":{"line":124,"column":3}},"type":"if","locations":[{"start":{"line":122,"column":2},"end":{"line":124,"column":3}}]},"9":{"loc":{"start":{"line":122,"column":6},"end":{"line":122,"column":59}},"type":"binary-expr","locations":[{"start":{"line":122,"column":6},"end":{"line":122,"column":34}},{"start":{"line":122,"column":38},"end":{"line":122,"column":59}}]},"10":{"loc":{"start":{"line":127,"column":2},"end":{"line":133,"column":3}},"type":"if","locations":[{"start":{"line":127,"column":2},"end":{"line":133,"column":3}}]},"11":{"loc":{"start":{"line":127,"column":6},"end":{"line":127,"column":73}},"type":"binary-expr","locations":[{"start":{"line":127,"column":6},"end":{"line":127,"column":38}},{"start":{"line":127,"column":42},"end":{"line":127,"column":73}}]},"12":{"loc":{"start":{"line":136,"column":2},"end":{"line":138,"column":3}},"type":"if","locations":[{"start":{"line":136,"column":2},"end":{"line":138,"column":3}}]},"13":{"loc":{"start":{"line":158,"column":4},"end":{"line":158,"column":56}},"type":"binary-expr","locations":[{"start":{"line":158,"column":4},"end":{"line":158,"column":18}},{"start":{"line":158,"column":22},"end":{"line":158,"column":56}}]},"14":{"loc":{"start":{"line":160,"column":2},"end":{"line":162,"column":3}},"type":"if","locations":[{"start":{"line":160,"column":2},"end":{"line":162,"column":3}}]},"15":{"loc":{"start":{"line":164,"column":18},"end":{"line":164,"column":40}},"type":"binary-expr","locations":[{"start":{"line":164,"column":18},"end":{"line":164,"column":34}},{"start":{"line":164,"column":38},"end":{"line":164,"column":40}}]},"16":{"loc":{"start":{"line":167,"column":2},"end":{"line":184,"column":3}},"type":"if","locations":[{"start":{"line":167,"column":2},"end":{"line":184,"column":3}}]},"17":{"loc":{"start":{"line":200,"column":2},"end":{"line":202,"column":3}},"type":"if","locations":[{"start":{"line":200,"column":2},"end":{"line":202,"column":3}}]},"18":{"loc":{"start":{"line":205,"column":2},"end":{"line":211,"column":3}},"type":"if","locations":[{"start":{"line":205,"column":2},"end":{"line":211,"column":3}}]},"19":{"loc":{"start":{"line":233,"column":4},"end":{"line":240,"column":5}},"type":"if","locations":[{"start":{"line":233,"column":4},"end":{"line":240,"column":5}}]},"20":{"loc":{"start":{"line":253,"column":2},"end":{"line":259,"column":3}},"type":"if","locations":[{"start":{"line":253,"column":2},"end":{"line":259,"column":3}}]},"21":{"loc":{"start":{"line":256,"column":15},"end":{"line":256,"column":54}},"type":"binary-expr","locations":[{"start":{"line":256,"column":15},"end":{"line":256,"column":28}},{"start":{"line":256,"column":32},"end":{"line":256,"column":54}}]},"22":{"loc":{"start":{"line":308,"column":2},"end":{"line":308,"column":69}},"type":"if","locations":[{"start":{"line":308,"column":2},"end":{"line":308,"column":69}}]},"23":{"loc":{"start":{"line":317,"column":2},"end":{"line":317,"column":75}},"type":"if","locations":[{"start":{"line":317,"column":2},"end":{"line":317,"column":75}}]},"24":{"loc":{"start":{"line":321,"column":2},"end":{"line":321,"column":67}},"type":"if","locations":[{"start":{"line":321,"column":2},"end":{"line":321,"column":67}}]},"25":{"loc":{"start":{"line":326,"column":2},"end":{"line":335,"column":3}},"type":"if","locations":[{"start":{"line":326,"column":2},"end":{"line":335,"column":3}}]},"26":{"loc":{"start":{"line":339,"column":2},"end":{"line":339,"column":69}},"type":"if","locations":[{"start":{"line":339,"column":2},"end":{"line":339,"column":69}}]},"27":{"loc":{"start":{"line":343,"column":2},"end":{"line":343,"column":71}},"type":"if","locations":[{"start":{"line":343,"column":2},"end":{"line":343,"column":71}}]},"28":{"loc":{"start":{"line":348,"column":2},"end":{"line":348,"column":65}},"type":"if","locations":[{"start":{"line":348,"column":2},"end":{"line":348,"column":65}}]},"29":{"loc":{"start":{"line":363,"column":8},"end":{"line":363,"column":30}},"type":"binary-expr","locations":[{"start":{"line":363,"column":8},"end":{"line":363,"column":17}},{"start":{"line":363,"column":21},"end":{"line":363,"column":30}}]},"30":{"loc":{"start":{"line":381,"column":9},"end":{"line":381,"column":53}},"type":"cond-expr","locations":[{"start":{"line":381,"column":33},"end":{"line":381,"column":46}},{"start":{"line":381,"column":49},"end":{"line":381,"column":53}}]}},"s":{"0":1,"1":1,"2":1,"3":1,"4":1,"5":1,"6":1,"7":19,"8":19,"9":2,"10":17,"11":17,"12":2,"13":15,"14":15,"15":0,"16":15,"17":15,"18":2,"19":13,"20":1,"21":12,"22":0,"23":12,"24":2,"25":10,"26":1,"27":9,"28":9,"29":9,"30":0,"31":9,"32":9,"33":9,"34":2,"35":4,"36":2,"37":7,"38":7,"39":5,"40":2,"41":2,"42":2,"43":0,"44":5,"45":5,"46":5,"47":1,"48":0,"49":4,"50":4,"51":4,"52":0,"53":4,"54":19,"55":19,"56":2,"57":17,"58":17,"59":17,"60":17,"61":2,"62":15,"63":15,"64":6,"65":9,"66":9,"67":9,"68":0,"69":9,"70":9,"71":2,"72":7,"73":7,"74":2,"75":5,"76":5,"77":1,"78":4,"79":1,"80":2,"81":1,"82":2},"f":{"0":19,"1":17,"2":15,"3":9,"4":4,"5":7,"6":5,"7":19,"8":2,"9":2},"b":{"0":[2],"1":[2],"2":[17,16],"3":[0],"4":[15,15],"5":[2],"6":[1],"7":[13,12],"8":[0],"9":[12,12],"10":[2],"11":[12,11],"12":[1],"13":[9,1],"14":[0],"15":[9,1],"16":[2],"17":[5],"18":[2],"19":[1],"20":[0],"21":[0,0],"22":[2],"23":[2],"24":[6],"25":[0],"26":[2],"27":[2],"28":[1],"29":[2,1],"30":[2,0]}}
,"/Users/lenypascalihirwe/Documents/work/ecc/projects/angular-electron-poc/electron/ipc/gateway.ts": {"path":"/Users/lenypascalihirwe/Documents/work/ecc/projects/angular-electron-poc/electron/ipc/gateway.ts","statementMap":{"0":{"start":{"line":20,"column":0},"end":{"line":20,"column":55}},"1":{"start":{"line":22,"column":0},"end":{"line":22,"column":84}},"2":{"start":{"line":24,"column":0},"end":{"line":24,"column":57}},"3":{"start":{"line":50,"column":53},"end":{"line":50,"column":59}},"4":{"start":{"line":52,"column":18},"end":{"line":105,"column":3}},"5":{"start":{"line":56,"column":35},"end":{"line":61,"column":6}},"6":{"start":{"line":67,"column":37},"end":{"line":67,"column":79}},"7":{"start":{"line":69,"column":4},"end":{"line":72,"column":5}},"8":{"start":{"line":70,"column":23},"end":{"line":70,"column":68}},"9":{"start":{"line":71,"column":6},"end":{"line":71,"column":63}},"10":{"start":{"line":74,"column":21},"end":{"line":74,"column":37}},"11":{"start":{"line":75,"column":20},"end":{"line":75,"column":35}},"12":{"start":{"line":81,"column":4},"end":{"line":90,"column":5}},"13":{"start":{"line":82,"column":6},"end":{"line":89,"column":8}},"14":{"start":{"line":93,"column":4},"end":{"line":104,"column":5}},"15":{"start":{"line":94,"column":19},"end":{"line":94,"column":85}},"16":{"start":{"line":95,"column":6},"end":{"line":101,"column":8}},"17":{"start":{"line":103,"column":6},"end":{"line":103,"column":47}},"18":{"start":{"line":107,"column":2},"end":{"line":107,"column":44}},"19":{"start":{"line":109,"column":2},"end":{"line":111,"column":4}},"20":{"start":{"line":110,"column":4},"end":{"line":110,"column":44}},"21":{"start":{"line":49,"column":0},"end":{"line":49,"column":16}},"22":{"start":{"line":126,"column":24},"end":{"line":129,"column":37}},"23":{"start":{"line":129,"column":4},"end":{"line":129,"column":37}},"24":{"start":{"line":131,"column":2},"end":{"line":141,"column":3}},"25":{"start":{"line":132,"column":4},"end":{"line":140,"column":6}},"26":{"start":{"line":144,"column":18},"end":{"line":144,"column":84}},"27":{"start":{"line":146,"column":2},"end":{"line":153,"column":4}},"28":{"start":{"line":161,"column":2},"end":{"line":172,"column":4}}},"fnMap":{"0":{"name":"registerIpcGateway","decl":{"start":{"line":49,"column":16},"end":{"line":49,"column":34}},"loc":{"start":{"line":49,"column":56},"end":{"line":112,"column":1}}},"1":{"name":"(anonymous_1)","decl":{"start":{"line":52,"column":18},"end":{"line":52,"column":23}},"loc":{"start":{"line":55,"column":48},"end":{"line":105,"column":3}}},"2":{"name":"(anonymous_2)","decl":{"start":{"line":109,"column":9},"end":{"line":109,"column":12}},"loc":{"start":{"line":109,"column":14},"end":{"line":111,"column":3}}},"3":{"name":"handleHandlerError","decl":{"start":{"line":125,"column":9},"end":{"line":125,"column":27}},"loc":{"start":{"line":125,"column":67},"end":{"line":154,"column":1}}},"4":{"name":"(anonymous_4)","decl":{"start":{"line":126,"column":24},"end":{"line":126,"column":null}},"loc":{"start":{"line":129,"column":4},"end":{"line":129,"column":37}}},"5":{"name":"sanitiseErrorMessage","decl":{"start":{"line":160,"column":9},"end":{"line":160,"column":29}},"loc":{"start":{"line":160,"column":45},"end":{"line":173,"column":1}}}},"branchMap":{"0":{"loc":{"start":{"line":69,"column":4},"end":{"line":72,"column":5}},"type":"if","locations":[{"start":{"line":69,"column":4},"end":{"line":72,"column":5}}]},"1":{"loc":{"start":{"line":81,"column":4},"end":{"line":90,"column":5}},"type":"if","locations":[{"start":{"line":81,"column":4},"end":{"line":90,"column":5}}]},"2":{"loc":{"start":{"line":129,"column":4},"end":{"line":129,"column":37}},"type":"binary-expr","locations":[{"start":{"line":129,"column":4},"end":{"line":129,"column":22}},{"start":{"line":129,"column":26},"end":{"line":129,"column":37}}]},"3":{"loc":{"start":{"line":131,"column":2},"end":{"line":141,"column":3}},"type":"if","locations":[{"start":{"line":131,"column":2},"end":{"line":141,"column":3}}]},"4":{"loc":{"start":{"line":138,"column":18},"end":{"line":138,"column":76}},"type":"binary-expr","locations":[{"start":{"line":138,"column":18},"end":{"line":138,"column":67}},{"start":{"line":138,"column":71},"end":{"line":138,"column":76}}]},"5":{"loc":{"start":{"line":144,"column":18},"end":{"line":144,"column":84}},"type":"cond-expr","locations":[{"start":{"line":144,"column":41},"end":{"line":144,"column":52}},{"start":{"line":144,"column":55},"end":{"line":144,"column":84}}]}},"s":{"0":0,"1":0,"2":0,"3":0,"4":0,"5":0,"6":0,"7":0,"8":0,"9":0,"10":0,"11":0,"12":0,"13":0,"14":0,"15":0,"16":0,"17":0,"18":0,"19":0,"20":0,"21":0,"22":0,"23":0,"24":0,"25":0,"26":0,"27":0,"28":0},"f":{"0":0,"1":0,"2":0,"3":0,"4":0,"5":0},"b":{"0":[0],"1":[0],"2":[0,0],"3":[0],"4":[0,0],"5":[0,0]}}
,"/Users/lenypascalihirwe/Documents/work/ecc/projects/angular-electron-poc/electron/ipc/handlers/catalog-handlers.ts": {"path":"/Users/lenypascalihirwe/Documents/work/ecc/projects/angular-electron-poc/electron/ipc/handlers/catalog-handlers.ts","statementMap":{"0":{"start":{"line":42,"column":13},"end":{"line":42,"column":21}},"1":{"start":{"line":43,"column":50},"end":{"line":47,"column":10}},"2":{"start":{"line":49,"column":24},"end":{"line":49,"column":36}},"3":{"start":{"line":51,"column":14},"end":{"line":64,"column":4}},"4":{"start":{"line":66,"column":16},"end":{"line":72,"column":null}},"5":{"start":{"line":75,"column":19},"end":{"line":79,"column":88}},"6":{"start":{"line":81,"column":2},"end":{"line":81,"column":42}},"7":{"start":{"line":37,"column":0},"end":{"line":37,"column":16}}},"fnMap":{"0":{"name":"handleCatalogSearch","decl":{"start":{"line":37,"column":16},"end":{"line":37,"column":35}},"loc":{"start":{"line":40,"column":21},"end":{"line":82,"column":1}}}},"branchMap":{"0":{"loc":{"start":{"line":43,"column":10},"end":{"line":43,"column":20}},"type":"default-arg","locations":[{"start":{"line":43,"column":18},"end":{"line":43,"column":20}}]},"1":{"loc":{"start":{"line":43,"column":22},"end":{"line":43,"column":32}},"type":"default-arg","locations":[{"start":{"line":43,"column":30},"end":{"line":43,"column":32}}]},"2":{"loc":{"start":{"line":43,"column":34},"end":{"line":43,"column":44}},"type":"default-arg","locations":[{"start":{"line":43,"column":43},"end":{"line":43,"column":44}}]},"3":{"loc":{"start":{"line":43,"column":50},"end":{"line":47,"column":10}},"type":"binary-expr","locations":[{"start":{"line":43,"column":50},"end":{"line":43,"column":null}},{"start":{"line":47,"column":8},"end":{"line":47,"column":10}}]}},"s":{"0":8,"1":8,"2":8,"3":8,"4":8,"5":8,"6":8,"7":2},"f":{"0":8},"b":{"0":[3],"1":[7],"2":[7],"3":[8,0]}}
,"/Users/lenypascalihirwe/Documents/work/ecc/projects/angular-electron-poc/electron/ipc/handlers/customer-handlers.ts": {"path":"/Users/lenypascalihirwe/Documents/work/ecc/projects/angular-electron-poc/electron/ipc/handlers/customer-handlers.ts","statementMap":{"0":{"start":{"line":15,"column":0},"end":{"line":15,"column":36}},"1":{"start":{"line":73,"column":13},"end":{"line":73,"column":21}},"2":{"start":{"line":74,"column":16},"end":{"line":74,"column":48}},"3":{"start":{"line":75,"column":14},"end":{"line":75,"column":38}},"4":{"start":{"line":76,"column":21},"end":{"line":76,"column":60}},"5":{"start":{"line":77,"column":25},"end":{"line":77,"column":62}},"6":{"start":{"line":79,"column":17},"end":{"line":114,"column":4}},"7":{"start":{"line":80,"column":4},"end":{"line":96,"column":6}},"8":{"start":{"line":98,"column":22},"end":{"line":100,"column":35}},"9":{"start":{"line":102,"column":4},"end":{"line":113,"column":6}},"10":{"start":{"line":116,"column":2},"end":{"line":116,"column":29}},"11":{"start":{"line":117,"column":2},"end":{"line":132,"column":3}},"12":{"start":{"line":118,"column":4},"end":{"line":118,"column":13}},"13":{"start":{"line":119,"column":4},"end":{"line":119,"column":22}},"14":{"start":{"line":121,"column":4},"end":{"line":121,"column":24}},"15":{"start":{"line":124,"column":20},"end":{"line":124,"column":68}},"16":{"start":{"line":125,"column":4},"end":{"line":130,"column":5}},"17":{"start":{"line":126,"column":6},"end":{"line":129,"column":8}},"18":{"start":{"line":131,"column":4},"end":{"line":131,"column":14}},"19":{"start":{"line":134,"column":2},"end":{"line":148,"column":4}},"20":{"start":{"line":68,"column":0},"end":{"line":68,"column":16}},"21":{"start":{"line":162,"column":13},"end":{"line":162,"column":21}},"22":{"start":{"line":163,"column":50},"end":{"line":167,"column":10}},"23":{"start":{"line":169,"column":24},"end":{"line":169,"column":36}},"24":{"start":{"line":171,"column":20},"end":{"line":175,"column":4}},"25":{"start":{"line":176,"column":32},"end":{"line":183,"column":4}},"26":{"start":{"line":185,"column":14},"end":{"line":196,"column":4}},"27":{"start":{"line":198,"column":20},"end":{"line":201,"column":null}},"28":{"start":{"line":204,"column":19},"end":{"line":206,"column":43}},"29":{"start":{"line":208,"column":2},"end":{"line":208,"column":46}},"30":{"start":{"line":157,"column":0},"end":{"line":157,"column":16}}},"fnMap":{"0":{"name":"handleCustomerCreate","decl":{"start":{"line":68,"column":16},"end":{"line":68,"column":36}},"loc":{"start":{"line":71,"column":22},"end":{"line":149,"column":1}}},"1":{"name":"(anonymous_1)","decl":{"start":{"line":79,"column":32},"end":{"line":79,"column":35}},"loc":{"start":{"line":79,"column":37},"end":{"line":114,"column":3}}},"2":{"name":"handleCustomerSearch","decl":{"start":{"line":157,"column":16},"end":{"line":157,"column":36}},"loc":{"start":{"line":160,"column":22},"end":{"line":209,"column":1}}}},"branchMap":{"0":{"loc":{"start":{"line":76,"column":21},"end":{"line":76,"column":60}},"type":"binary-expr","locations":[{"start":{"line":76,"column":21},"end":{"line":76,"column":44}},{"start":{"line":76,"column":48},"end":{"line":76,"column":60}}]},"1":{"loc":{"start":{"line":77,"column":25},"end":{"line":77,"column":62}},"type":"binary-expr","locations":[{"start":{"line":77,"column":25},"end":{"line":77,"column":48}},{"start":{"line":77,"column":52},"end":{"line":77,"column":62}}]},"2":{"loc":{"start":{"line":90,"column":6},"end":{"line":90,"column":31}},"type":"binary-expr","locations":[{"start":{"line":90,"column":6},"end":{"line":90,"column":23}},{"start":{"line":90,"column":27},"end":{"line":90,"column":31}}]},"3":{"loc":{"start":{"line":91,"column":6},"end":{"line":91,"column":33}},"type":"binary-expr","locations":[{"start":{"line":91,"column":6},"end":{"line":91,"column":25}},{"start":{"line":91,"column":29},"end":{"line":91,"column":33}}]},"4":{"loc":{"start":{"line":92,"column":6},"end":{"line":92,"column":33}},"type":"binary-expr","locations":[{"start":{"line":92,"column":6},"end":{"line":92,"column":25}},{"start":{"line":92,"column":29},"end":{"line":92,"column":33}}]},"5":{"loc":{"start":{"line":93,"column":6},"end":{"line":93,"column":27}},"type":"binary-expr","locations":[{"start":{"line":93,"column":6},"end":{"line":93,"column":19}},{"start":{"line":93,"column":23},"end":{"line":93,"column":27}}]},"6":{"loc":{"start":{"line":124,"column":20},"end":{"line":124,"column":68}},"type":"cond-expr","locations":[{"start":{"line":124,"column":43},"end":{"line":124,"column":54}},{"start":{"line":124,"column":57},"end":{"line":124,"column":68}}]},"7":{"loc":{"start":{"line":125,"column":4},"end":{"line":130,"column":5}},"type":"if","locations":[{"start":{"line":125,"column":4},"end":{"line":130,"column":5}}]},"8":{"loc":{"start":{"line":141,"column":17},"end":{"line":141,"column":42}},"type":"binary-expr","locations":[{"start":{"line":141,"column":17},"end":{"line":141,"column":34}},{"start":{"line":141,"column":38},"end":{"line":141,"column":42}}]},"9":{"loc":{"start":{"line":142,"column":19},"end":{"line":142,"column":46}},"type":"binary-expr","locations":[{"start":{"line":142,"column":19},"end":{"line":142,"column":38}},{"start":{"line":142,"column":42},"end":{"line":142,"column":46}}]},"10":{"loc":{"start":{"line":143,"column":19},"end":{"line":143,"column":46}},"type":"binary-expr","locations":[{"start":{"line":143,"column":19},"end":{"line":143,"column":38}},{"start":{"line":143,"column":42},"end":{"line":143,"column":46}}]},"11":{"loc":{"start":{"line":144,"column":13},"end":{"line":144,"column":34}},"type":"binary-expr","locations":[{"start":{"line":144,"column":13},"end":{"line":144,"column":26}},{"start":{"line":144,"column":30},"end":{"line":144,"column":34}}]},"12":{"loc":{"start":{"line":163,"column":10},"end":{"line":163,"column":20}},"type":"default-arg","locations":[{"start":{"line":163,"column":18},"end":{"line":163,"column":20}}]},"13":{"loc":{"start":{"line":163,"column":22},"end":{"line":163,"column":32}},"type":"default-arg","locations":[{"start":{"line":163,"column":30},"end":{"line":163,"column":32}}]},"14":{"loc":{"start":{"line":163,"column":34},"end":{"line":163,"column":44}},"type":"default-arg","locations":[{"start":{"line":163,"column":43},"end":{"line":163,"column":44}}]},"15":{"loc":{"start":{"line":163,"column":50},"end":{"line":167,"column":10}},"type":"binary-expr","locations":[{"start":{"line":163,"column":50},"end":{"line":163,"column":null}},{"start":{"line":167,"column":8},"end":{"line":167,"column":10}}]}},"s":{"0":2,"1":29,"2":29,"3":29,"4":29,"5":29,"6":29,"7":29,"8":29,"9":29,"10":29,"11":29,"12":29,"13":29,"14":0,"15":0,"16":0,"17":0,"18":0,"19":29,"20":2,"21":8,"22":8,"23":8,"24":8,"25":8,"26":8,"27":8,"28":8,"29":8,"30":2},"f":{"0":29,"1":29,"2":8},"b":{"0":[29,28],"1":[29,28],"2":[29,4],"3":[29,11],"4":[29,20],"5":[29,28],"6":[0,0],"7":[0],"8":[29,4],"9":[29,11],"10":[29,20],"11":[29,28],"12":[3],"13":[7],"14":[7],"15":[8,0]}}
,"/Users/lenypascalihirwe/Documents/work/ecc/projects/angular-electron-poc/electron/ipc/handlers/engine-handlers.ts": {"path":"/Users/lenypascalihirwe/Documents/work/ecc/projects/angular-electron-poc/electron/ipc/handlers/engine-handlers.ts","statementMap":{"0":{"start":{"line":54,"column":17},"end":{"line":54,"column":33}},"1":{"start":{"line":55,"column":21},"end":{"line":55,"column":48}},"2":{"start":{"line":57,"column":2},"end":{"line":78,"column":4}},"3":{"start":{"line":49,"column":0},"end":{"line":49,"column":16}}},"fnMap":{"0":{"name":"handleEngineHealth","decl":{"start":{"line":49,"column":16},"end":{"line":49,"column":34}},"loc":{"start":{"line":52,"column":20},"end":{"line":79,"column":1}}}},"branchMap":{"0":{"loc":{"start":{"line":55,"column":21},"end":{"line":55,"column":48}},"type":"binary-expr","locations":[{"start":{"line":55,"column":21},"end":{"line":55,"column":40}},{"start":{"line":55,"column":44},"end":{"line":55,"column":48}}]},"1":{"loc":{"start":{"line":62,"column":10},"end":{"line":71,"column":12}},"type":"cond-expr","locations":[{"start":{"line":63,"column":8},"end":{"line":70,"column":null}},{"start":{"line":71,"column":8},"end":{"line":71,"column":12}}]},"2":{"loc":{"start":{"line":75,"column":23},"end":{"line":75,"column":61}},"type":"binary-expr","locations":[{"start":{"line":75,"column":23},"end":{"line":75,"column":48}},{"start":{"line":75,"column":52},"end":{"line":75,"column":61}}]}},"s":{"0":4,"1":4,"2":4,"3":2},"f":{"0":4},"b":{"0":[4,3],"1":[1,3],"2":[4,4]}}
,"/Users/lenypascalihirwe/Documents/work/ecc/projects/angular-electron-poc/electron/ipc/handlers/index.ts": {"path":"/Users/lenypascalihirwe/Documents/work/ecc/projects/angular-electron-poc/electron/ipc/handlers/index.ts","statementMap":{"0":{"start":{"line":18,"column":0},"end":{"line":18,"column":63}},"1":{"start":{"line":20,"column":0},"end":{"line":20,"column":77}},"2":{"start":{"line":22,"column":0},"end":{"line":22,"column":55}},"3":{"start":{"line":24,"column":0},"end":{"line":24,"column":57}},"4":{"start":{"line":26,"column":0},"end":{"line":26,"column":73}},"5":{"start":{"line":28,"column":0},"end":{"line":28,"column":81}},"6":{"start":{"line":30,"column":0},"end":{"line":30,"column":82}},"7":{"start":{"line":57,"column":37},"end":{"line":60,"column":4}},"8":{"start":{"line":62,"column":35},"end":{"line":66,"column":4}},"9":{"start":{"line":68,"column":37},"end":{"line":71,"column":4}},"10":{"start":{"line":73,"column":33},"end":{"line":77,"column":4}},"11":{"start":{"line":79,"column":39},"end":{"line":84,"column":4}},"12":{"start":{"line":86,"column":31},"end":{"line":92,"column":4}},"13":{"start":{"line":98,"column":24},"end":{"line":98,"column":27}},"14":{"start":{"line":99,"column":21},"end":{"line":99,"column":23}},"15":{"start":{"line":105,"column":14},"end":{"line":121,"column":3}},"16":{"start":{"line":113,"column":43},"end":{"line":113,"column":68}},"17":{"start":{"line":114,"column":4},"end":{"line":120,"column":6}},"18":{"start":{"line":127,"column":23},"end":{"line":173,"column":4}},"19":{"start":{"line":129,"column":21},"end":{"line":129,"column":37}},"20":{"start":{"line":130,"column":6},"end":{"line":132,"column":7}},"21":{"start":{"line":131,"column":8},"end":{"line":131,"column":93}},"22":{"start":{"line":133,"column":21},"end":{"line":133,"column":39}},"23":{"start":{"line":134,"column":6},"end":{"line":140,"column":8}},"24":{"start":{"line":143,"column":21},"end":{"line":143,"column":37}},"25":{"start":{"line":144,"column":6},"end":{"line":146,"column":7}},"26":{"start":{"line":145,"column":8},"end":{"line":145,"column":43}},"27":{"start":{"line":147,"column":24},"end":{"line":147,"column":45}},"28":{"start":{"line":148,"column":6},"end":{"line":148,"column":52}},"29":{"start":{"line":151,"column":21},"end":{"line":151,"column":37}},"30":{"start":{"line":152,"column":6},"end":{"line":154,"column":7}},"31":{"start":{"line":153,"column":8},"end":{"line":153,"column":76}},"32":{"start":{"line":155,"column":41},"end":{"line":155,"column":null}},"33":{"start":{"line":159,"column":6},"end":{"line":164,"column":7}},"34":{"start":{"line":160,"column":8},"end":{"line":163,"column":10}},"35":{"start":{"line":165,"column":6},"end":{"line":170,"column":7}},"36":{"start":{"line":166,"column":8},"end":{"line":169,"column":10}},"37":{"start":{"line":171,"column":6},"end":{"line":171,"column":82}},"38":{"start":{"line":175,"column":2},"end":{"line":236,"column":4}},"39":{"start":{"line":178,"column":24},"end":{"line":178,"column":69}},"40":{"start":{"line":182,"column":24},"end":{"line":182,"column":68}},"41":{"start":{"line":188,"column":24},"end":{"line":188,"column":67}},"42":{"start":{"line":194,"column":24},"end":{"line":194,"column":69}},"43":{"start":{"line":200,"column":24},"end":{"line":200,"column":66}},"44":{"start":{"line":204,"column":24},"end":{"line":204,"column":65}},"45":{"start":{"line":210,"column":24},"end":{"line":210,"column":71}},"46":{"start":{"line":214,"column":24},"end":{"line":214,"column":71}},"47":{"start":{"line":220,"column":24},"end":{"line":220,"column":63}},"48":{"start":{"line":224,"column":24},"end":{"line":224,"column":60}},"49":{"start":{"line":228,"column":24},"end":{"line":228,"column":61}},"50":{"start":{"line":54,"column":0},"end":{"line":54,"column":16}}},"fnMap":{"0":{"name":"createCommandDefinitions","decl":{"start":{"line":54,"column":16},"end":{"line":54,"column":40}},"loc":{"start":{"line":55,"column":21},"end":{"line":237,"column":1}}},"1":{"name":"(anonymous_1)","decl":{"start":{"line":105,"column":14},"end":{"line":105,"column":null}},"loc":{"start":{"line":112,"column":25},"end":{"line":121,"column":3}}},"2":{"name":"(anonymous_2)","decl":{"start":{"line":128,"column":13},"end":{"line":128,"column":14}},"loc":{"start":{"line":128,"column":50},"end":{"line":141,"column":5}}},"3":{"name":"(anonymous_3)","decl":{"start":{"line":142,"column":19},"end":{"line":142,"column":20}},"loc":{"start":{"line":142,"column":56},"end":{"line":149,"column":5}}},"4":{"name":"(anonymous_4)","decl":{"start":{"line":150,"column":17},"end":{"line":150,"column":18}},"loc":{"start":{"line":150,"column":53},"end":{"line":172,"column":5}}},"5":{"name":"(anonymous_5)","decl":{"start":{"line":178,"column":6},"end":{"line":178,"column":7}},"loc":{"start":{"line":178,"column":24},"end":{"line":178,"column":69}}},"6":{"name":"(anonymous_6)","decl":{"start":{"line":182,"column":6},"end":{"line":182,"column":7}},"loc":{"start":{"line":182,"column":24},"end":{"line":182,"column":68}}},"7":{"name":"(anonymous_7)","decl":{"start":{"line":188,"column":6},"end":{"line":188,"column":7}},"loc":{"start":{"line":188,"column":24},"end":{"line":188,"column":67}}},"8":{"name":"(anonymous_8)","decl":{"start":{"line":194,"column":6},"end":{"line":194,"column":7}},"loc":{"start":{"line":194,"column":24},"end":{"line":194,"column":69}}},"9":{"name":"(anonymous_9)","decl":{"start":{"line":200,"column":6},"end":{"line":200,"column":7}},"loc":{"start":{"line":200,"column":24},"end":{"line":200,"column":66}}},"10":{"name":"(anonymous_10)","decl":{"start":{"line":204,"column":6},"end":{"line":204,"column":7}},"loc":{"start":{"line":204,"column":24},"end":{"line":204,"column":65}}},"11":{"name":"(anonymous_11)","decl":{"start":{"line":210,"column":6},"end":{"line":210,"column":7}},"loc":{"start":{"line":210,"column":24},"end":{"line":210,"column":71}}},"12":{"name":"(anonymous_12)","decl":{"start":{"line":214,"column":6},"end":{"line":214,"column":7}},"loc":{"start":{"line":214,"column":24},"end":{"line":214,"column":71}}},"13":{"name":"(anonymous_13)","decl":{"start":{"line":220,"column":6},"end":{"line":220,"column":7}},"loc":{"start":{"line":220,"column":24},"end":{"line":220,"column":63}}},"14":{"name":"(anonymous_14)","decl":{"start":{"line":224,"column":6},"end":{"line":224,"column":7}},"loc":{"start":{"line":224,"column":24},"end":{"line":224,"column":60}}},"15":{"name":"(anonymous_15)","decl":{"start":{"line":228,"column":6},"end":{"line":228,"column":7}},"loc":{"start":{"line":228,"column":24},"end":{"line":228,"column":61}}}},"branchMap":{"0":{"loc":{"start":{"line":108,"column":4},"end":{"line":111,"column":10}},"type":"default-arg","locations":[{"start":{"line":111,"column":8},"end":{"line":111,"column":10}}]},"1":{"loc":{"start":{"line":117,"column":22},"end":{"line":117,"column":49}},"type":"binary-expr","locations":[{"start":{"line":117,"column":22},"end":{"line":117,"column":41}},{"start":{"line":117,"column":45},"end":{"line":117,"column":49}}]},"2":{"loc":{"start":{"line":130,"column":6},"end":{"line":132,"column":7}},"type":"if","locations":[{"start":{"line":130,"column":6},"end":{"line":132,"column":7}}]},"3":{"loc":{"start":{"line":144,"column":6},"end":{"line":146,"column":7}},"type":"if","locations":[{"start":{"line":144,"column":6},"end":{"line":146,"column":7}}]},"4":{"loc":{"start":{"line":152,"column":6},"end":{"line":154,"column":7}},"type":"if","locations":[{"start":{"line":152,"column":6},"end":{"line":154,"column":7}}]},"5":{"loc":{"start":{"line":159,"column":6},"end":{"line":164,"column":7}},"type":"if","locations":[{"start":{"line":159,"column":6},"end":{"line":164,"column":7}}]},"6":{"loc":{"start":{"line":159,"column":10},"end":{"line":159,"column":36}},"type":"binary-expr","locations":[{"start":{"line":159,"column":10},"end":{"line":159,"column":21}},{"start":{"line":159,"column":25},"end":{"line":159,"column":36}}]},"7":{"loc":{"start":{"line":165,"column":6},"end":{"line":170,"column":7}},"type":"if","locations":[{"start":{"line":165,"column":6},"end":{"line":170,"column":7}}]},"8":{"loc":{"start":{"line":165,"column":10},"end":{"line":165,"column":59}},"type":"binary-expr","locations":[{"start":{"line":165,"column":10},"end":{"line":165,"column":32}},{"start":{"line":165,"column":36},"end":{"line":165,"column":59}}]}},"s":{"0":1,"1":1,"2":1,"3":1,"4":1,"5":1,"6":1,"7":11,"8":11,"9":11,"10":11,"11":11,"12":11,"13":11,"14":11,"15":11,"16":154,"17":154,"18":11,"19":2,"20":2,"21":1,"22":1,"23":1,"24":1,"25":1,"26":1,"27":0,"28":0,"29":1,"30":1,"31":1,"32":0,"33":0,"34":0,"35":0,"36":0,"37":0,"38":11,"39":0,"40":0,"41":0,"42":0,"43":0,"44":0,"45":0,"46":0,"47":0,"48":0,"49":0,"50":1},"f":{"0":11,"1":154,"2":2,"3":1,"4":1,"5":0,"6":0,"7":0,"8":0,"9":0,"10":0,"11":0,"12":0,"13":0,"14":0,"15":0},"b":{"0":[0],"1":[154,0],"2":[1],"3":[1],"4":[1],"5":[0],"6":[0,0],"7":[0],"8":[0,0]}}
,"/Users/lenypascalihirwe/Documents/work/ecc/projects/angular-electron-poc/electron/ipc/handlers/sale-handlers.ts": {"path":"/Users/lenypascalihirwe/Documents/work/ecc/projects/angular-electron-poc/electron/ipc/handlers/sale-handlers.ts","statementMap":{"0":{"start":{"line":13,"column":0},"end":{"line":13,"column":48}},"1":{"start":{"line":71,"column":13},"end":{"line":71,"column":21}},"2":{"start":{"line":72,"column":16},"end":{"line":72,"column":44}},"3":{"start":{"line":74,"column":2},"end":{"line":79,"column":3}},"4":{"start":{"line":75,"column":4},"end":{"line":78,"column":7}},"5":{"start":{"line":82,"column":17},"end":{"line":82,"column":19}},"6":{"start":{"line":83,"column":17},"end":{"line":83,"column":19}},"7":{"start":{"line":85,"column":2},"end":{"line":107,"column":3}},"8":{"start":{"line":86,"column":23},"end":{"line":88,"column":null}},"9":{"start":{"line":92,"column":4},"end":{"line":97,"column":5}},"10":{"start":{"line":93,"column":6},"end":{"line":96,"column":9}},"11":{"start":{"line":99,"column":23},"end":{"line":99,"column":63}},"12":{"start":{"line":100,"column":23},"end":{"line":100,"column":67}},"13":{"start":{"line":101,"column":16},"end":{"line":101,"column":37}},"14":{"start":{"line":102,"column":22},"end":{"line":102,"column":38}},"15":{"start":{"line":103,"column":20},"end":{"line":103,"column":53}},"16":{"start":{"line":105,"column":4},"end":{"line":105,"column":26}},"17":{"start":{"line":106,"column":4},"end":{"line":106,"column":24}},"18":{"start":{"line":109,"column":24},"end":{"line":109,"column":26}},"19":{"start":{"line":110,"column":21},"end":{"line":110,"column":56}},"20":{"start":{"line":111,"column":21},"end":{"line":111,"column":53}},"21":{"start":{"line":112,"column":21},"end":{"line":112,"column":44}},"22":{"start":{"line":115,"column":2},"end":{"line":133,"column":3}},"23":{"start":{"line":116,"column":18},"end":{"line":118,"column":77}},"24":{"start":{"line":120,"column":22},"end":{"line":120,"column":57}},"25":{"start":{"line":121,"column":4},"end":{"line":132,"column":5}},"26":{"start":{"line":122,"column":6},"end":{"line":131,"column":8}},"27":{"start":{"line":136,"column":17},"end":{"line":136,"column":56}},"28":{"start":{"line":137,"column":14},"end":{"line":137,"column":38}},"29":{"start":{"line":138,"column":25},"end":{"line":138,"column":58}},"30":{"start":{"line":141,"column":24},"end":{"line":143,"column":null}},"31":{"start":{"line":149,"column":21},"end":{"line":149,"column":58}},"32":{"start":{"line":150,"column":24},"end":{"line":150,"column":106}},"33":{"start":{"line":152,"column":4},"end":{"line":153,"column":70}},"34":{"start":{"line":154,"column":22},"end":{"line":154,"column":85}},"35":{"start":{"line":155,"column":20},"end":{"line":155,"column":32}},"36":{"start":{"line":156,"column":21},"end":{"line":156,"column":34}},"37":{"start":{"line":159,"column":17},"end":{"line":198,"column":4}},"38":{"start":{"line":160,"column":4},"end":{"line":178,"column":6}},"39":{"start":{"line":180,"column":4},"end":{"line":183,"column":85}},"40":{"start":{"line":185,"column":22},"end":{"line":187,"column":35}},"41":{"start":{"line":189,"column":4},"end":{"line":193,"column":97}},"42":{"start":{"line":195,"column":4},"end":{"line":197,"column":50}},"43":{"start":{"line":200,"column":2},"end":{"line":200,"column":29}},"44":{"start":{"line":201,"column":2},"end":{"line":207,"column":3}},"45":{"start":{"line":202,"column":4},"end":{"line":202,"column":13}},"46":{"start":{"line":203,"column":4},"end":{"line":203,"column":22}},"47":{"start":{"line":205,"column":4},"end":{"line":205,"column":24}},"48":{"start":{"line":206,"column":4},"end":{"line":206,"column":14}},"49":{"start":{"line":209,"column":20},"end":{"line":209,"column":44}},"50":{"start":{"line":211,"column":24},"end":{"line":225,"column":4}},"51":{"start":{"line":227,"column":2},"end":{"line":227,"column":33}},"52":{"start":{"line":66,"column":0},"end":{"line":66,"column":16}},"53":{"start":{"line":235,"column":13},"end":{"line":235,"column":21}},"54":{"start":{"line":236,"column":22},"end":{"line":236,"column":59}},"55":{"start":{"line":238,"column":2},"end":{"line":243,"column":3}},"56":{"start":{"line":239,"column":4},"end":{"line":242,"column":7}},"57":{"start":{"line":245,"column":14},"end":{"line":253,"column":39}},"58":{"start":{"line":255,"column":2},"end":{"line":255,"column":21}},"59":{"start":{"line":230,"column":0},"end":{"line":230,"column":16}},"60":{"start":{"line":263,"column":13},"end":{"line":263,"column":21}},"61":{"start":{"line":264,"column":49},"end":{"line":268,"column":10}},"62":{"start":{"line":270,"column":14},"end":{"line":278,"column":4}},"63":{"start":{"line":279,"column":28},"end":{"line":279,"column":30}},"64":{"start":{"line":281,"column":2},"end":{"line":284,"column":3}},"65":{"start":{"line":282,"column":4},"end":{"line":282,"column":37}},"66":{"start":{"line":283,"column":4},"end":{"line":283,"column":27}},"67":{"start":{"line":286,"column":2},"end":{"line":286,"column":56}},"68":{"start":{"line":287,"column":2},"end":{"line":287,"column":29}},"69":{"start":{"line":289,"column":16},"end":{"line":289,"column":72}},"70":{"start":{"line":291,"column":19},"end":{"line":295,"column":63}},"71":{"start":{"line":297,"column":2},"end":{"line":297,"column":42}},"72":{"start":{"line":258,"column":0},"end":{"line":258,"column":16}},"73":{"start":{"line":305,"column":16},"end":{"line":305,"column":34}},"74":{"start":{"line":306,"column":16},"end":{"line":306,"column":31}},"75":{"start":{"line":307,"column":15},"
[...]
"end":{"line":223,"column":3}},"51":{"start":{"line":222,"column":4},"end":{"line":222,"column":38}},"52":{"start":{"line":225,"column":2},"end":{"line":225,"column":16}},"53":{"start":{"line":242,"column":14},"end":{"line":245,"column":43}},"54":{"start":{"line":246,"column":2},"end":{"line":246,"column":19}},"55":{"start":{"line":259,"column":14},"end":{"line":259,"column":38}},"56":{"start":{"line":261,"column":2},"end":{"line":271,"column":4}},"57":{"start":{"line":273,"column":2},"end":{"line":275,"column":4}},"58":{"start":{"line":289,"column":2},"end":{"line":289,"column":69}},"59":{"start":{"line":290,"column":2},"end":{"line":294,"column":4}}},"fnMap":{"0":{"name":"pullFromServer","decl":{"start":{"line":55,"column":16},"end":{"line":55,"column":30}},"loc":{"start":{"line":57,"column":34},"end":{"line":83,"column":1}}},"1":{"name":"(anonymous_1)","decl":{"start":{"line":77,"column":51},"end":{"line":77,"column":52}},"loc":{"start":{"line":77,"column":63},"end":{"line":77,"column":70}}},"2":{"name":"getCursors","decl":{"start":{"line":89,"column":9},"end":{"line":89,"column":19}},"loc":{"start":{"line":89,"column":38},"end":{"line":104,"column":1}}},"3":{"name":"saveCursors","decl":{"start":{"line":106,"column":9},"end":{"line":106,"column":20}},"loc":{"start":{"line":106,"column":62},"end":{"line":110,"column":1}}},"4":{"name":"applyPullResponse","decl":{"start":{"line":116,"column":9},"end":{"line":116,"column":26}},"loc":{"start":{"line":118,"column":29},"end":{"line":226,"column":1}}},"5":{"name":"hasPendingOutboxEntry","decl":{"start":{"line":237,"column":9},"end":{"line":237,"column":30}},"loc":{"start":{"line":240,"column":18},"end":{"line":247,"column":1}}},"6":{"name":"flagConflict","decl":{"start":{"line":253,"column":9},"end":{"line":253,"column":21}},"loc":{"start":{"line":257,"column":36},"end":{"line":276,"column":1}}},"7":{"name":"pullBatch","decl":{"start":{"line":288,"column":9},"end":{"line":288,"column":18}},"loc":{"start":{"line":288,"column":45},"end":{"line":295,"column":1}}}},"branchMap":{"0":{"loc":{"start":{"line":57,"column":2},"end":{"line":57,"column":34}},"type":"default-arg","locations":[{"start":{"line":57,"column":32},"end":{"line":57,"column":34}}]},"1":{"loc":{"start":{"line":94,"column":2},"end":{"line":97,"column":3}},"type":"if","locations":[{"start":{"line":94,"column":2},"end":{"line":97,"column":3}}]},"2":{"loc":{"start":{"line":125,"column":2},"end":{"line":170,"column":3}},"type":"if","locations":[{"start":{"line":125,"column":2},"end":{"line":170,"column":3}}]},"3":{"loc":{"start":{"line":149,"column":6},"end":{"line":153,"column":7}},"type":"if","locations":[{"start":{"line":149,"column":6},"end":{"line":153,"column":7}}]},"4":{"loc":{"start":{"line":157,"column":8},"end":{"line":157,"column":25}},"type":"binary-expr","locations":[{"start":{"line":157,"column":8},"end":{"line":157,"column":17}},{"start":{"line":157,"column":21},"end":{"line":157,"column":25}}]},"5":{"loc":{"start":{"line":157,"column":44},"end":{"line":157,"column":61}},"type":"binary-expr","locations":[{"start":{"line":157,"column":44},"end":{"line":157,"column":54}},{"start":{"line":157,"column":58},"end":{"line":157,"column":61}}]},"6":{"loc":{"start":{"line":158,"column":8},"end":{"line":158,"column":35}},"type":"binary-expr","locations":[{"start":{"line":158,"column":8},"end":{"line":158,"column":27}},{"start":{"line":158,"column":31},"end":{"line":158,"column":35}}]},"7":{"loc":{"start":{"line":158,"column":37},"end":{"line":158,"column":63}},"type":"binary-expr","locations":[{"start":{"line":158,"column":37},"end":{"line":158,"column":56}},{"start":{"line":158,"column":60},"end":{"line":158,"column":63}}]},"8":{"loc":{"start":{"line":159,"column":8},"end":{"line":159,"column":30}},"type":"binary-expr","locations":[{"start":{"line":159,"column":8},"end":{"line":159,"column":23}},{"start":{"line":159,"column":27},"end":{"line":159,"column":30}}]},"9":{"loc":{"start":{"line":159,"column":32},"end":{"line":159,"column":53}},"type":"binary-expr","locations":[{"start":{"line":159,"column":32},"end":{"line":159,"column":43}},{"start":{"line":159,"column":47},"end":{"line":159,"column":53}}]},"10":{"loc":{"start":{"line":165,"column":4},"end":{"line":169,"column":5}},"type":"if","locations":[{"start":{"line":165,"column":4},"end":{"line":169,"column":5}}]},"11":{"loc":{"start":{"line":176,"column":2},"end":{"line":218,"column":3}},"type":"if","locations":[{"start":{"line":176,"column":2},"end":{"line":218,"column":3}}]},"12":{"loc":{"start":{"line":196,"column":6},"end":{"line":200,"column":7}},"type":"if","locations":[{"start":{"line":196,"column":6},"end":{"line":200,"column":7}}]},"13":{"loc":{"start":{"line":203,"column":16},"end":{"line":203,"column":35}},"type":"binary-expr","locations":[{"start":{"line":203,"column":16},"end":{"line":203,"column":27}},{"start":{"line":203,"column":31},"end":{"line":203,"column":35}}]},"14":{"loc":{"start":{"line":204,"column":8},"end":{"line":204,"column":31}},"type":"binary-expr","locations":[{"start":{"line":204,"column":8},"end":{"line":204,"column":23}},{"start":{"line":204,"column":27},"end":{"line":204,"column":31}}]},"15":{"loc":{"start":{"line":205,"column":8},"end":{"line":205,"column":30}},"type":"binary-expr","locations":[{"start":{"line":205,"column":8},"end":{"line":205,"column":22}},{"start":{"line":205,"column":26},"end":{"line":205,"column":30}}]},"16":{"loc":{"start":{"line":205,"column":32},"end":{"line":205,"column":56}},"type":"binary-expr","locations":[{"start":{"line":205,"column":32},"end":{"line":205,"column":48}},{"start":{"line":205,"column":52},"end":{"line":205,"column":56}}]},"17":{"loc":{"start":{"line":206,"column":8},"end":{"line":206,"column":32}},"type":"binary-expr","locations":[{"start":{"line":206,"column":8},"end":{"line":206,"column":24}},{"start":{"line":206,"column":28},"end":{"line":206,"column":32}}]},"18":{"loc":{"start":{"line":206,"column":34},"end":{"line":206,"column":51}},"type":"binary-expr","locations":[{"start":{"line":206,"column":34},"end":{"line":206,"column":43}},{"start":{"line":206,"column":47},"end":{"line":206,"column":51}}]},"19":{"loc":{"start":{"line":213,"column":4},"end":{"line":217,"column":5}},"type":"if","locations":[{"start":{"line":213,"column":4},"end":{"line":217,"column":5}}]},"20":{"loc":{"start":{"line":221,"column":2},"end":{"line":223,"column":3}},"type":"if","locations":[{"start":{"line":221,"column":2},"end":{"line":223,"column":3}}]}},"s":{"0":1,"1":5,"2":5,"3":5,"4":5,"5":5,"6":5,"7":0,"8":5,"9":1,"10":5,"11":5,"12":5,"13":0,"14":0,"15":0,"16":0,"17":5,"18":5,"19":5,"20":5,"21":0,"22":0,"23":0,"24":0,"25":0,"26":0,"27":0,"28":0,"29":0,"30":0,"31":0,"32":0,"33":0,"34":5,"35":5,"36":5,"37":0,"38":0,"39":0,"40":0,"41":0,"42":0,"43":0,"44":0,"45":0,"46":0,"47":0,"48":0,"49":0,"50":5,"51":0,"52":5,"53":0,"54":0,"55":0,"56":0,"57":0,"58":5,"59":5},"f":{"0":5,"1":0,"2":5,"3":0,"4":5,"5":0,"6":0,"7":5},"b":{"0":[0],"1":[5],"2":[0],"3":[0],"4":[0,0],"5":[0,0],"6":[0,0],"7":[0,0],"8":[0,0],"9":[0,0],"10":[0],"11":[0],"12":[0],"13":[0,0],"14":[0,0],"15":[0,0],"16":[0,0],"17":[0,0],"18":[0,0],"19":[0],"20":[0]}}
,"/Users/lenypascalihirwe/Documents/work/ecc/projects/angular-electron-poc/electron/sync/sync-worker.ts": {"path":"/Users/lenypascalihirwe/Documents/work/ecc/projects/angular-electron-poc/electron/sync/sync-worker.ts","statementMap":{"0":{"start":{"line":26,"column":0},"end":{"line":26,"column":57}},"1":{"start":{"line":27,"column":0},"end":{"line":27,"column":47}},"2":{"start":{"line":65,"column":35},"end":{"line":65,"column":41}},"3":{"start":{"line":66,"column":57},"end":{"line":66,"column":61}},"4":{"start":{"line":67,"column":32},"end":{"line":67,"column":33}},"5":{"start":{"line":68,"column":38},"end":{"line":68,"column":42}},"6":{"start":{"line":69,"column":37},"end":{"line":69,"column":41}},"7":{"start":{"line":70,"column":52},"end":{"line":70,"column":56}},"8":{"start":{"line":71,"column":46},"end":{"line":71,"column":50}},"9":{"start":{"line":74,"column":4},"end":{"line":74,"column":25}},"10":{"start":{"line":83,"column":4},"end":{"line":85,"column":5}},"11":{"start":{"line":84,"column":6},"end":{"line":84,"column":13}},"12":{"start":{"line":87,"column":4},"end":{"line":89,"column":6}},"13":{"start":{"line":92,"column":4},"end":{"line":92,"column":20}},"14":{"start":{"line":93,"column":4},"end":{"line":93,"column":76}},"15":{"start":{"line":93,"column":35},"end":{"line":93,"column":50}},"16":{"start":{"line":98,"column":4},"end":{"line":102,"column":5}},"17":{"start":{"line":99,"column":6},"end":{"line":99,"column":32}},"18":{"start":{"line":100,"column":6},"end":{"line":100,"column":24}},"19":{"start":{"line":101,"column":6},"end":{"line":101,"column":44}},"20":{"start":{"line":103,"column":4},"end":{"line":103,"column":28}},"21":{"start":{"line":111,"column":4},"end":{"line":113,"column":5}},"22":{"start":{"line":112,"column":6},"end":{"line":112,"column":30}},"23":{"start":{"line":114,"column":4},"end":{"line":114,"column":20}},"24":{"start":{"line":115,"column":4},"end":{"line":115,"column":28}},"25":{"start":{"line":124,"column":15},"end":{"line":124,"column":31}},"26":{"start":{"line":125,"column":18},"end":{"line":125,"column":19}},"27":{"start":{"line":126,"column":4},"end":{"line":130,"column":5}},"28":{"start":{"line":127,"column":6},"end":{"line":127,"column":33}},"29":{"start":{"line":132,"column":4},"end":{"line":139,"column":6}},"30":{"start":{"line":144,"column":4},"end":{"line":157,"column":5}},"31":{"start":{"line":145,"column":17},"end":{"line":145,"column":33}},"32":{"start":{"line":146,"column":19},"end":{"line":153,"column":43}},"33":{"start":{"line":154,"column":6},"end":{"line":154,"column":18}},"34":{"start":{"line":156,"column":6},"end":{"line":156,"column":16}},"35":{"start":{"line":165,"column":15},"end":{"line":165,"column":31}},"36":{"start":{"line":167,"column":18},"end":{"line":169,"column":51}},"37":{"start":{"line":171,"column":4},"end":{"line":176,"column":5}},"38":{"start":{"line":172,"column":6},"end":{"line":175,"column":8}},"39":{"start":{"line":178,"column":4},"end":{"line":191,"column":5}},"40":{"start":{"line":180,"column":6},"end":{"line":184,"column":25}},"41":{"start":{"line":187,"column":6},"end":{"line":190,"column":25}},"42":{"start":{"line":194,"column":4},"end":{"line":194,"column":21}},"43":{"start":{"line":196,"column":4},"end":{"line":202,"column":6}},"44":{"start":{"line":210,"column":4},"end":{"line":212,"column":5}},"45":{"start":{"line":211,"column":6},"end":{"line":211,"column":13}},"46":{"start":{"line":214,"column":4},"end":{"line":214,"column":31}},"47":{"start":{"line":216,"column":15},"end":{"line":216,"column":31}},"48":{"start":{"line":217,"column":18},"end":{"line":217,"column":22}},"49":{"start":{"line":219,"column":4},"end":{"line":275,"column":5}},"50":{"start":{"line":221,"column":25},"end":{"line":225,"column":8}},"51":{"start":{"line":226,"column":6},"end":{"line":226,"column":39}},"52":{"start":{"line":228,"column":6},"end":{"line":238,"column":7}},"53":{"start":{"line":229,"column":8},"end":{"line":232,"column":10}},"54":{"start":{"line":233,"column":8},"end":{"line":233,"column":24}},"55":{"start":{"line":235,"column":8},"end":{"line":237,"column":10}},"56":{"start":{"line":241,"column":25},"end":{"line":243,"column":8}},"57":{"start":{"line":244,"column":6},"end":{"line":244,"column":39}},"58":{"start":{"line":246,"column":6},"end":{"line":248,"column":8}},"59":{"start":{"line":250,"column":6},"end":{"line":250,"column":49}},"60":{"start":{"line":251,"column":6},"end":{"line":251,"column":28}},"61":{"start":{"line":254,"column":6},"end":{"line":256,"column":7}},"62":{"start":{"line":255,"column":8},"end":{"line":255,"column":37}},"63":{"start":{"line":258,"column":22},"end":{"line":258,"column":70}},"64":{"start":{"line":259,"column":6},"end":{"line":259,"column":62}},"65":{"start":{"line":260,"column":6},"end":{"line":260,"column":31}},"66":{"start":{"line":261,"column":6},"end":{"line":261,"column":33}},"67":{"start":{"line":263,"column":6},"end":{"line":270,"column":7}},"68":{"start":{"line":264,"column":8},"end":{"line":266,"column":10}},"69":{"start":{"line":267,"column":8},"end":{"line":269,"column":10}},"70":{"start":{"line":272,"column":6},"end":{"line":272,"column":31}},"71":{"start":{"line":273,"column":6},"end":{"line":273,"column":60}},"72":{"start":{"line":274,"column":6},"end":{"line":274,"column":13}},"73":{"start":{"line":277,"column":4},"end":{"line":277,"column":28}},"74":{"start":{"line":278,"column":4},"end":{"line":278,"column":58}},"75":{"start":{"line":282,"column":6},"end":{"line":282,"column":77}},"76":{"start":{"line":283,"column":4},"end":{"line":289,"column":5}},"77":{"start":{"line":284,"column":6},"end":{"line":288,"column":9}},"78":{"start":{"line":297,"column":17},"end":{"line":297,"column":27}},"79":{"start":{"line":298,"column":4},"end":{"line":298,"column":22}},"80":{"start":{"line":299,"column":4},"end":{"line":301,"column":5}},"81":{"start":{"line":300,"column":6},"end":{"line":300,"column":60}},"82":{"start":{"line":305,"column":4},"end":{"line":314,"column":5}},"83":{"start":{"line":306,"column":6},"end":{"line":311,"column":9}},"84":{"start":{"line":63,"column":0},"end":{"line":63,"column":13}}},"fnMap":{"0":{"name":"(anonymous_0)","decl":{"start":{"line":73,"column":2},"end":{"line":73,"column":14}},"loc":{"start":{"line":73,"column":38},"end":{"line":75,"column":3}}},"1":{"name":"(anonymous_1)","decl":{"start":{"line":82,"column":2},"end":{"line":82,"column":7}},"loc":{"start":{"line":82,"column":7},"end":{"line":94,"column":3}}},"2":{"name":"(anonymous_2)","decl":{"start":{"line":93,"column":29},"end":{"line":93,"column":32}},"loc":{"start":{"line":93,"column":35},"end":{"line":93,"column":50}}},"3":{"name":"(anonymous_3)","decl":{"start":{"line":97,"column":2},"end":{"line":97,"column":6}},"loc":{"start":{"line":97,"column":6},"end":{"line":104,"column":3}}},"4":{"name":"(anonymous_4)","decl":{"start":{"line":110,"column":2},"end":{"line":110,"column":11}},"loc":{"start":{"line":110,"column":11},"end":{"line":116,"column":3}}},"5":{"name":"(anonymous_5)","decl":{"start":{"line":123,"column":2},"end":{"line":123,"column":11}},"loc":{"start":{"line":123,"column":11},"end":{"line":140,"column":3}}},"6":{"name":"(anonymous_6)","decl":{"start":{"line":143,"column":2},"end":{"line":143,"column":14}},"loc":{"start":{"line":143,"column":14},"end":{"line":158,"column":3}}},"7":{"name":"(anonymous_7)","decl":{"start":{"line":161,"column":2},"end":{"line":161,"column":17}},"loc":{"start":{"line":163,"column":34},"end":{"line":203,"column":3}}},"8":{"name":"(anonymous_8)","decl":{"start":{"line":209,"column":10},"end":{"line":209,"column":15}},"loc":{"start":{"line":209,"column":24},"end":{"line":290,"column":3}}},"9":{"name":"(anonymous_9)","decl":{"start":{"line":296,"column":10},"end":{"line":296,"column":20}},"loc":{"start":{"line":296,"column":42},"end":{"line":302,"column":3}}},"10":{"name":"(anonymous_10)","decl":{"start":{"line":304,"column":10},"end":{"line":304,"column":14}},"loc":{"start":{"line":304,"column":43},"end":{"line":315,"column":3}}}},"branchMap":{"0":{"loc":{"start":{"line":83,"column":4},"end":{"line":85,"column":5}},"type":"if","locations":[{"start":{"line":83,"column":4},"end":{"line":85,"column":5}}]},"1":{"loc":{"start":{"line":98,"column":4},"end":{"line":102,"column":5}},"type":"if","locations":[{"start":{"line":98,"column":4},"end":{"line":102,"column":5}}]},"2":{"loc":{"start":{"line":111,"column":4},"end":{"line":113,"column":5}},"type":"if","locations":[{"start":{"line":111,"column":4},"end":{"line":113,"column":5}}]},"3":{"loc":{"start":{"line":136,"column":14},"end":{"line":136,"column":46}},"type":"binary-expr","locations":[{"start":{"line":136,"column":14},"end":{"line":136,"column":41}},{"start":{"line":136,"column":45},"end":{"line":136,"column":46}}]},"4":{"loc":{"start":{"line":137,"column":14},"end":{"line":137,"column":46}},"type":"binary-expr","locations":[{"start":{"line":137,"column":14},"end":{"line":137,"column":41}},{"start":{"line":137,"column":45},"end":{"line":137,"column":46}}]},"5":{"loc":{"start":{"line":171,"column":4},"end":{"line":176,"column":5}},"type":"if","locations":[{"start":{"line":171,"column":4},"end":{"line":176,"column":5}}]},"6":{"loc":{"start":{"line":178,"column":4},"end":{"line":191,"column":5}},"type":"if","locations":[{"start":{"line":178,"column":4},"end":{"line":191,"column":5}},{"start":{"line":185,"column":11},"end":{"line":191,"column":5}}]},"7":{"loc":{"start":{"line":199,"column":8},"end":{"line":201,"column":76}},"type":"cond-expr","locations":[{"start":{"line":200,"column":12},"end":{"line":200,"column":78}},{"start":{"line":201,"column":12},"end":{"line":201,"column":76}}]},"8":{"loc":{"start":{"line":210,"column":4},"end":{"line":212,"column":5}},"type":"if","locations":[{"start":{"line":210,"column":4},"end":{"line":212,"column":5}}]},"9":{"loc":{"start":{"line":228,"column":6},"end":{"line":238,"column":7}},"type":"if","locations":[{"start":{"line":228,"column":6},"end":{"line":238,"column":7}},{"start":{"line":234,"column":13},"end":{"line":238,"column":7}}]},"10":{"loc":{"start":{"line":254,"column":6},"end":{"line":256,"column":7}},"type":"if","locations":[{"start":{"line":254,"column":6},"end":{"line":256,"column":7}}]},"11":{"loc":{"start":{"line":258,"column":22},"end":{"line":258,"column":70}},"type":"cond-expr","locations":[{"start":{"line":258,"column":45},"end":{"line":258,"column":56}},{"start":{"line":258,"column":59},"end":{"line":258,"column":70}}]},"12":{"loc":{"start":{"line":263,"column":6},"end":{"line":270,"column":7}},"type":"if","locations":[{"start":{"line":263,"column":6},"end":{"line":270,"column":7}}]},"13":{"loc":{"start":{"line":282,"column":7},"end":{"line":282,"column":39}},"type":"binary-expr","locations":[{"start":{"line":282,"column":7},"end":{"line":282,"column":34}},{"start":{"line":282,"column":38},"end":{"line":282,"column":39}}]},"14":{"loc":{"start":{"line":282,"column":44},"end":{"line":282,"column":76}},"type":"binary-expr","locations":[{"start":{"line":282,"column":44},"end":{"line":282,"column":71}},{"start":{"line":282,"column":75},"end":{"line":282,"column":76}}]},"15":{"loc":{"start":{"line":283,"column":4},"end":{"line":289,"column":5}},"type":"if","locations":[{"start":{"line":283,"column":4},"end":{"line":289,"column":5}}]},"16":{"loc":{"start":{"line":285,"column":16},"end":{"line":285,"column":48}},"type":"binary-expr","locations":[{"start":{"line":285,"column":16},"end":{"line":285,"column":43}},{"start":{"line":285,"column":47},"end":{"line":285,"column":48}}]},"17":{"loc":{"start":{"line":286,"column":16},"end":{"line":286,"column":48}},"type":"binary-expr","locations":[{"start":{"line":286,"column":16},"end":{"line":286,"column":43}},{"start":{"line":286,"column":47},"end":{"line":286,"column":48}}]},"18":{"loc":{"start":{"line":299,"column":4},"end":{"line":301,"column":5}},"type":"if","locations":[{"start":{"line":299,"column":4},"end":{"line":301,"column":5}}]}},"s":{"0":1,"1":1,"2":10,"3":10,"4":10,"5":10,"6":10,"7":10,"8":10,"9":10,"10":2,"11":0,"12":2,"13":2,"14":2,"15":0,"16":1,"17":1,"18":1,"19":1,"20":1,"21":3,"22":0,"23":3,"24":3,"25":12,"26":12,"27":12,"28":12,"29":12,"30":2,"31":2,"32":2,"33":2,"34":0,"35":3,"36":3,"37":3,"38":1,"39":2,"40":1,"41":1,"42":2,"43":2,"44":5,"45":0,"46":5,"47":5,"48":5,"49":5,"50":5,"51":5,"52":5,"53":0,"54":0,"55":5,"56":5,"57":5,"58":5,"59":5,"60":5,"61":5,"62":5,"63":0,"64":0,"65":0,"66":0,"67":0,"68":0,"69":0,"70":0,"71":0,"72":0,"73":5,"74":5,"75":5,"76":5,"77":1,"78":11,"79":11,"80":11,"81":10,"82":6,"83":6,"84":1},"f":{"0":10,"1":2,"2":0,"3":1,"4":3,"5":12,"6":2,"7":3,"8":5,"9":11,"10":6},"b":{"0":[0],"1":[1],"2":[0],"3":[12,2],"4":[12,2],"5":[1],"6":[1,1],"7":[1,1],"8":[0],"9":[0,5],"10":[5],"11":[0,0],"12":[0],"13":[5,0],"14":[5,0],"15":[1],"16":[1,0],"17":[1,0],"18":[10]}}
}
