TN:
SF:electron/database/connection.ts
FN:23,(anonymous_1)
FN:25,(anonymous_2)
FN:57,(anonymous_3)
FN:64,(anonymous_4)
FN:68,(anonymous_5)
FNF:5
FNH:5
FNDA:10,(anonymous_1)
FNDA:10,(anonymous_2)
FNDA:2,(anonymous_3)
FNDA:3,(anonymous_4)
FNDA:1,(anonymous_5)
DA:10,1
DA:12,1
DA:20,1
DA:21,10
DA:23,10
DA:26,10
DA:27,1
DA:30,9
DA:32,9
DA:34,9
DA:35,9
DA:37,9
DA:38,4
DA:40,4
DA:41,4
DA:43,1
DA:44,1
DA:45,1
DA:51,8
DA:53,8
DA:54,8
DA:58,2
DA:59,1
DA:61,1
DA:65,3
DA:69,1
DA:70,1
DA:71,1
LF:28
LH:28
BRDA:26,0,0,1
BRDA:37,1,0,4
BRDA:58,2,0,1
BRDA:69,3,0,1
BRF:4
BRH:4
end_of_record
TN:
SF:electron/database/migrations.ts
FN:26,(anonymous_0)
FN:38,(anonymous_1)
FN:56,(anonymous_2)
FN:117,(anonymous_3)
FN:139,(anonymous_4)
FN:168,runMigrations
FN:178,(anonymous_6)
FN:184,(anonymous_7)
FN:200,getCurrentVersion
FNF:9
FNH:9
FNDA:58,(anonymous_0)
FNDA:58,(anonymous_1)
FNDA:58,(anonymous_2)
FNDA:58,(anonymous_3)
FNDA:58,(anonymous_4)
FNDA:58,runMigrations
FNDA:290,(anonymous_6)
FNDA:58,(anonymous_7)
FNDA:58,getCurrentVersion
DA:22,5
DA:27,58
DA:39,58
DA:57,58
DA:118,58
DA:140,58
DA:165,5
DA:168,5
DA:169,58
DA:171,58
DA:172,0
DA:178,290
DA:180,58
DA:181,0
DA:184,58
DA:185,58
DA:186,290
DA:188,58
DA:193,58
DA:201,58
DA:205,58
DA:206,58
DA:209,0
DA:213,0
LF:24
LH:20
BRDA:166,0,0,5
BRDA:166,0,1,0
BRDA:171,1,0,0
BRDA:180,2,0,0
BRDA:205,3,0,58
BRDA:213,4,0,0
BRDA:213,4,1,0
BRF:7
BRH:2
end_of_record
TN:
SF:electron/domain/command-registry.ts
FN:92,(anonymous_0)
FN:92,(anonymous_1)
FN:47,initialiseRegistry
FN:65,findCommand
FN:75,isRegistryInitialised
FN:83,registeredCommandNames
FNF:6
FNH:4
FNDA:0,(anonymous_0)
FNDA:0,(anonymous_1)
FNDA:10,initialiseRegistry
FNDA:3,findCommand
FNDA:1,isRegistryInitialised
FNDA:2,registeredCommandNames
DA:28,1
DA:41,1
DA:47,1
DA:48,10
DA:50,10
DA:51,27
DA:52,1
DA:54,26
DA:57,9
DA:58,9
DA:65,1
DA:66,3
DA:67,0
DA:69,3
DA:75,1
DA:76,1
DA:83,1
DA:84,2
DA:85,2
DA:92,1
LF:20
LH:19
BRDA:51,0,0,1
BRDA:66,1,0,0
BRDA:84,2,0,0
BRF:3
BRH:1
end_of_record
TN:
SF:electron/domain/command-schemas.ts
FNF:0
FNH:0
DA:26,2
DA:225,2
LF:2
LH:2
BRF:0
BRH:0
end_of_record
TN:
SF:electron/domain/engine-state.ts
FN:32,(anonymous_0)
FN:37,(anonymous_1)
FN:42,(anonymous_2)
FN:48,(anonymous_3)
FN:54,(anonymous_4)
FN:60,(anonymous_5)
FN:66,(anonymous_6)
FN:76,(anonymous_7)
FN:106,(anonymous_8)
FNF:9
FNH:9
FNDA:28,(anonymous_0)
FNDA:6,(anonymous_1)
FNDA:12,(anonymous_2)
FNDA:2,(anonymous_3)
FNDA:4,(anonymous_4)
FNDA:6,(anonymous_5)
FNDA:2,(anonymous_6)
FNDA:26,(anonymous_7)
FNDA:9,(anonymous_8)
DA:21,6
DA:27,6
DA:28,70
DA:29,70
DA:33,28
DA:38,6
DA:43,12
DA:44,12
DA:49,2
DA:50,2
DA:55,4
DA:56,4
DA:61,6
DA:62,6
DA:67,2
DA:68,2
DA:77,26
DA:80,4
DA:84,9
DA:88,13
DA:99,0
DA:107,9
DA:108,9
LF:23
LH:22
BRDA:77,0,0,3
BRDA:77,0,1,4
BRDA:77,0,2,5
BRDA:77,0,3,9
BRDA:77,0,4,13
BRDA:77,0,5,0
BRDA:89,1,0,13
BRDA:89,1,1,10
BRDA:89,1,2,9
BRDA:89,1,3,8
BRDA:89,1,4,7
BRDA:89,1,5,6
BRDA:89,1,6,5
BRDA:108,2,0,2
BRDA:108,2,1,7
BRF:15
BRH:14
end_of_record
TN:
SF:electron/domain/json-schema-validator.ts
FN:57,validateSchema
FN:69,isValid
FN:77,validateNode
FN:86,(anonymous_3)
FN:98,(anonymous_4)
FN:188,checkType
FN:205,isObject
FNF:7
FNH:7
FNDA:52,validateSchema
FNDA:24,isValid
FNDA:98,validateNode
FNDA:98,(anonymous_3)
FNDA:4,(anonymous_4)
FNDA:98,checkType
FNDA:89,isObject
DA:57,2
DA:61,52
DA:62,52
DA:63,52
DA:69,2
DA:70,24
DA:84,98
DA:85,96
DA:86,98
DA:87,9
DA:88,9
DA:92,9
DA:97,89
DA:98,4
DA:99,1
DA:107,89
DA:108,25
DA:109,1
DA:114,25
DA:115,1
DA:123,89
DA:124,21
DA:125,2
DA:127,21
DA:128,1
DA:133,89
DA:135,29
DA:136,22
DA:137,31
DA:138,8
DA:144,29
DA:145,14
DA:146,14
DA:147,19
DA:148,3
DA:157,29
DA:158,57
DA:159,30
DA:165,89
DA:166,8
DA:167,1
DA:172,8
DA:173,1
DA:178,8
DA:179,16
DA:189,98
DA:191,2
DA:193,9
DA:195,18
DA:197,6
DA:199,32
DA:201,31
DA:206,89
LF:53
LH:53
BRDA:84,0,0,96
BRDA:85,1,0,3
BRDA:85,1,1,93
BRDA:86,2,0,9
BRDA:87,3,0,2
BRDA:87,3,1,7
BRDA:97,4,0,2
BRDA:98,5,0,1
BRDA:107,6,0,25
BRDA:108,7,0,1
BRDA:108,8,0,25
BRDA:108,8,1,8
BRDA:114,9,0,1
BRDA:114,10,0,25
BRDA:114,10,1,7
BRDA:123,11,0,21
BRDA:124,12,0,2
BRDA:124,13,0,21
BRDA:124,13,1,6
BRDA:127,14,0,1
BRDA:127,15,0,21
BRDA:127,15,1,2
BRDA:133,16,0,29
BRDA:133,17,0,89
BRDA:133,17,1,31
BRDA:135,18,0,22
BRDA:137,19,0,8
BRDA:144,20,0,14
BRDA:147,21,0,3
BRDA:158,22,0,30
BRDA:165,23,0,8
BRDA:165,24,0,89
BRDA:165,24,1,9
BRDA:166,25,0,1
BRDA:166,26,0,8
BRDA:166,26,1,6
BRDA:172,27,0,1
BRDA:172,28,0,8
BRDA:172,28,1,6
BRDA:189,29,0,2
BRDA:189,29,1,9
BRDA:189,29,2,18
BRDA:189,29,3,6
BRDA:189,29,4,32
BRDA:189,29,5,31
BRDA:195,30,0,18
BRDA:195,30,1,16
BRDA:199,31,0,32
BRDA:199,31,1,32
BRDA:199,31,2,31
BRDA:206,32,0,89
BRDA:206,32,1,42
BRDA:206,32,2,40
BRF:53
BRH:53
end_of_record
TN:
SF:electron/domain/rate-limiter.ts
FN:39,(anonymous_0)
FN:54,(anonymous_1)
FN:90,(anonymous_2)
FN:97,(anonymous_3)
FNF:4
FNH:4
FNDA:16,(anonymous_0)
FNDA:124,(anonymous_1)
FNDA:1,(anonymous_2)
FNDA:7,(anonymous_3)
DA:35,2
DA:36,16
DA:40,16
DA:55,124
DA:59,124
DA:60,124
DA:62,124
DA:64,124
DA:65,17
DA:66,17
DA:70,124
DA:71,5
DA:74,124
DA:75,7
DA:76,7
DA:82,117
DA:83,117
DA:91,1
DA:98,7
DA:99,7
DA:100,7
DA:101,7
DA:103,6
DA:104,2
DA:106,6
LF:25
LH:25
BRDA:41,0,0,16
BRDA:41,0,1,2
BRDA:42,1,0,16
BRDA:42,1,1,1
BRDA:55,2,0,9
BRDA:55,2,1,115
BRDA:55,3,0,124
BRDA:55,3,1,9
BRDA:64,4,0,17
BRDA:70,5,0,129
BRDA:70,5,1,111
BRDA:74,6,0,7
BRDA:101,7,0,1
BRDA:103,8,0,8
BRDA:103,8,1,7
BRF:15
BRH:15
end_of_record
TN:
SF:electron/domain/validation-pipeline.ts
FN:56,gateSenderIdentity
FN:77,gateCommandAllowList
FN:95,gateEnvelopeShape
FN:153,gatePayloadSchema
FN:171,(anonymous_4)
FN:196,gateSessionScope
FN:226,gateRateAndSizeLimit
FN:297,validateCommand
FN:357,buildErrorResponse
FN:380,sanitisePath
FNF:10
FNH:10
FNDA:19,gateSenderIdentity
FNDA:17,gateCommandAllowList
FNDA:15,gateEnvelopeShape
FNDA:9,gatePayloadSchema
FNDA:4,(anonymous_4)
FNDA:7,gateSessionScope
FNDA:5,gateRateAndSizeLimit
FNDA:19,validateCommand
FNDA:2,buildErrorResponse
FNDA:2,sanitisePath
DA:24,1
DA:25,1
DA:26,1
DA:28,1
DA:29,1
DA:37,1
DA:43,1
DA:61,19
DA:62,19
DA:63,2
DA:69,17
DA:78,17
DA:79,2
DA:85,15
DA:96,15
DA:97,0
DA:100,15
DA:103,15
DA:104,2
DA:113,13
DA:114,1
DA:122,12
DA:123,0
DA:127,12
DA:128,2
DA:136,10
DA:137,1
DA:140,9
DA:158,9
DA:160,9
DA:161,0
DA:164,9
DA:165,9
DA:167,9
DA:169,2
DA:171,4
DA:174,2
DA:186,7
DA:200,7
DA:201,5
DA:204,2
DA:205,2
DA:206,2
DA:213,0
DA:231,5
DA:232,5
DA:233,5
DA:234,1
DA:242,0
DA:250,4
DA:251,4
DA:253,4
DA:254,0
DA:261,4
DA:297,1
DA:303,19
DA:308,19
DA:312,17
DA:313,17
DA:316,17
DA:317,17
DA:320,15
DA:321,15
DA:324,9
DA:325,9
DA:326,9
DA:327,0
DA:338,9
DA:339,9
DA:342,7
DA:343,7
DA:347,5
DA:348,5
DA:350,4
DA:357,1
DA:361,2
DA:381,2
LF:77
LH:70
BRDA:62,0,0,2
BRDA:78,1,0,2
BRDA:78,2,0,17
BRDA:78,2,1,16
BRDA:96,3,0,0
BRDA:96,4,0,15
BRDA:96,4,1,15
BRDA:103,5,0,2
BRDA:113,6,0,1
BRDA:113,7,0,13
BRDA:113,7,1,12
BRDA:122,8,0,0
BRDA:122,9,0,12
BRDA:122,9,1,12
BRDA:127,10,0,2
BRDA:127,11,0,12
BRDA:127,11,1,11
BRDA:136,12,0,1
BRDA:158,13,0,9
BRDA:158,13,1,1
BRDA:160,14,0,0
BRDA:164,15,0,9
BRDA:164,15,1,1
BRDA:167,16,0,2
BRDA:200,17,0,5
BRDA:205,18,0,2
BRDA:233,19,0,1
BRDA:253,20,0,0
BRDA:256,21,0,0
BRDA:256,21,1,0
BRDA:308,22,0,2
BRDA:317,23,0,2
BRDA:321,24,0,6
BRDA:326,25,0,0
BRDA:339,26,0,2
BRDA:343,27,0,2
BRDA:348,28,0,1
BRDA:363,29,0,2
BRDA:363,29,1,1
BRDA:381,30,0,2
BRDA:381,30,1,0
BRF:41
BRH:33
end_of_record
TN:
SF:electron/ipc/gateway.ts
FN:49,registerIpcGateway
FN:52,(anonymous_1)
FN:109,(anonymous_2)
FN:125,handleHandlerError
FN:126,(anonymous_4)
FN:160,sanitiseErrorMessage
FNF:6
FNH:0
FNDA:0,registerIpcGateway
FNDA:0,(anonymous_1)
FNDA:0,(anonymous_2)
FNDA:0,handleHandlerError
FNDA:0,(anonymous_4)
FNDA:0,sanitiseErrorMessage
DA:20,0
DA:22,0
DA:24,0
DA:49,0
DA:50,0
DA:52,0
DA:56,0
DA:67,0
DA:69,0
DA:70,0
DA:71,0
DA:74,0
DA:75,0
DA:81,0
DA:82,0
DA:93,0
DA:94,0
DA:95,0
DA:103,0
DA:107,0
DA:109,0
DA:110,0
DA:126,0
DA:129,0
DA:131,0
DA:132,0
DA:144,0
DA:146,0
DA:161,0
LF:29
LH:0
BRDA:69,0,0,0
BRDA:81,1,0,0
BRDA:129,2,0,0
BRDA:129,2,1,0
BRDA:131,3,0,0
BRDA:138,4,0,0
BRDA:138,4,1,0
BRDA:144,5,0,0
BRDA:144,5,1,0
BRF:9
BRH:0
end_of_record
TN:
SF:electron/ipc/handlers/catalog-handlers.ts
FN:37,handleCatalogSearch
FNF:1
FNH:1
FNDA:8,handleCatalogSearch
DA:37,2
DA:42,8
DA:43,8
DA:49,8
DA:51,8
DA:66,8
DA:75,8
DA:81,8
LF:8
LH:8
BRDA:43,0,0,3
BRDA:43,1,0,7
BRDA:43,2,0,7
BRDA:43,3,0,8
BRDA:43,3,1,0
BRF:5
BRH:4
end_of_record
TN:
SF:electron/ipc/handlers/customer-handlers.ts
FN:68,handleCustomerCreate
FN:79,(anonymous_1)
FN:157,handleCustomerSearch
FNF:3
FNH:3
FNDA:29,handleCustomerCreate
FNDA:29,(anonymous_1)
FNDA:8,handleCustomerSearch
DA:15,2
DA:68,2
DA:73,29
DA:74,29
DA:75,29
DA:76,29
DA:77,29
DA:79,29
DA:80,29
DA:98,29
DA:102,29
DA:116,29
DA:117,29
DA:118,29
DA:119,29
DA:121,0
DA:124,0
DA:125,0
DA:126,0
DA:131,0
DA:134,29
DA:157,2
DA:162,8
DA:163,8
DA:169,8
DA:171,8
DA:176,8
DA:185,8
DA:198,8
DA:204,8
DA:208,8
LF:31
LH:26
BRDA:76,0,0,29
BRDA:76,0,1,28
BRDA:77,1,0,29
BRDA:77,1,1,28
BRDA:90,2,0,29
BRDA:90,2,1,4
BRDA:91,3,0,29
BRDA:91,3,1,11
BRDA:92,4,0,29
BRDA:92,4,1,20
BRDA:93,5,0,29
BRDA:93,5,1,28
BRDA:124,6,0,0
BRDA:124,6,1,0
BRDA:125,7,0,0
BRDA:141,8,0,29
BRDA:141,8,1,4
BRDA:142,9,0,29
BRDA:142,9,1,11
BRDA:143,10,0,29
BRDA:143,10,1,20
BRDA:144,11,0,29
BRDA:144,11,1,28
BRDA:163,12,0,3
BRDA:163,13,0,7
BRDA:163,14,0,7
BRDA:163,15,0,8
BRDA:163,15,1,0
BRF:28
BRH:24
end_of_record
TN:
SF:electron/ipc/handlers/engine-handlers.ts
FN:49,handleEngineHealth
FNF:1
FNH:1
FNDA:4,handleEngineHealth
DA:49,2
DA:54,4
DA:55,4
DA:57,4
LF:4
LH:4
BRDA:55,0,0,4
BRDA:55,0,1,3
BRDA:62,1,0,1
BRDA:62,1,1,3
BRDA:75,2,0,4
BRDA:75,2,1,4
BRF:6
BRH:6
end_of_record
TN:
SF:electron/ipc/handlers/index.ts
FN:54,createCommandDefinitions
FN:105,(anonymous_1)
FN:128,(anonymous_2)
FN:142,(anonymous_3)
FN:150,(anonymous_4)
FN:178,(anonymous_5)
FN:182,(anonymous_6)
FN:188,(anonymous_7)
FN:194,(anonymous_8)
FN:200,(anonymous_9)
FN:204,(anonymous_10)
FN:210,(anonymous_11)
FN:214,(anonymous_12)
FN:220,(anonymous_13)
FN:224,(anonymous_14)
FN:228,(anonymous_15)
FNF:16
FNH:5
FNDA:11,createCommandDefinitions
FNDA:154,(anonymous_1)
FNDA:2,(anonymous_2)
FNDA:1,(anonymous_3)
FNDA:1,(anonymous_4)
FNDA:0,(anonymous_5)
FNDA:0,(anonymous_6)
FNDA:0,(anonymous_7)
FNDA:0,(anonymous_8)
FNDA:0,(anonymous_9)
FNDA:0,(anonymous_10)
FNDA:0,(anonymous_11)
FNDA:0,(anonymous_12)
FNDA:0,(anonymous_13)
FNDA:0,(anonymous_14)
FNDA:0,(anonymous_15)
DA:18,1
DA:20,1
DA:22,1
DA:24,1
DA:26,1
DA:28,1
DA:30,1
DA:54,1
DA:57,11
DA:62,11
DA:68,11
DA:73,11
DA:79,11
DA:86,11
DA:98,11
DA:99,11
DA:105,11
DA:113,154
DA:114,154
DA:127,11
DA:129,2
DA:130,2
DA:131,1
DA:133,1
DA:134,1
DA:143,1
DA:144,1
DA:145,1
DA:147,0
DA:148,0
DA:151,1
DA:152,1
DA:153,1
DA:155,0
DA:159,0
DA:160,0
DA:165,0
DA:166,0
DA:171,0
DA:175,11
DA:178,0
DA:182,0
DA:188,0
DA:194,0
DA:200,0
DA:204,0
DA:210,0
DA:214,0
DA:220,0
DA:224,0
DA:228,0
LF:51
LH:32
BRDA:108,0,0,0
BRDA:117,1,0,154
BRDA:117,1,1,0
BRDA:130,2,0,1
BRDA:144,3,0,1
BRDA:152,4,0,1
BRDA:159,5,0,0
BRDA:159,6,0,0
BRDA:159,6,1,0
BRDA:165,7,0,0
BRDA:165,8,0,0
BRDA:165,8,1,0
BRF:12
BRH:4
end_of_record
TN:
SF:electron/ipc/handlers/sale-handlers.ts
FN:66,handleSaleCreate
FN:159,(anonymous_1)
FN:230,handleSaleGet
FN:258,handleSaleList
FN:304,decimalToCents
FN:311,centsToDecimal
FN:319,computeReceiptHash
FNF:7
FNH:7
FNDA:17,handleSaleCreate
FNDA:13,(anonymous_1)
FNDA:3,handleSaleGet
FNDA:3,handleSaleList
FNDA:57,decimalToCents
FNDA:117,centsToDecimal
FNDA:13,computeReceiptHash
DA:13,2
DA:66,2
DA:71,17
DA:72,17
DA:74,17
DA:75,1
DA:82,16
DA:83,16
DA:85,16
DA:86,22
DA:92,22
DA:93,1
DA:99,21
DA:100,21
DA:101,21
DA:102,21
DA:103,21
DA:105,21
DA:106,21
DA:109,15
DA:110,15
DA:111,15
DA:112,15
DA:115,15
DA:116,21
DA:120,21
DA:121,21
DA:122,2
DA:136,13
DA:137,13
DA:138,13
DA:141,13
DA:149,13
DA:150,13
DA:152,13
DA:154,13
DA:155,13
DA:156,13
DA:159,13
DA:160,13
DA:180,13
DA:185,13
DA:189,13
DA:195,13
DA:200,13
DA:201,13
DA:202,13
DA:203,13
DA:205,0
DA:206,0
DA:209,13
DA:211,13
DA:227,13
DA:230,2
DA:235,3
DA:236,3
DA:238,3
DA:239,1
DA:245,2
DA:255,2
DA:258,2
DA:263,3
DA:264,3
DA:270,3
DA:279,3
DA:281,3
DA:282,1
DA:283,1
DA:286,3
DA:287,3
DA:289,3
DA:291,3
DA:297,3
DA:305,57
DA:306,57
DA:307,57
DA:308,57
DA:312,117
DA:313,117
DA:314,117
DA:315,117
DA:316,117
DA:325,13
DA:326,13
LF:84
LH:82
BRDA:74,0,0,1
BRDA:92,1,0,1
BRDA:120,2,0,21
BRDA:120,2,1,0
BRDA:121,3,0,2
BRDA:136,4,0,13
BRDA:136,4,1,13
BRDA:138,5,0,13
BRDA:138,5,1,13
BRDA:149,6,0,13
BRDA:149,6,1,0
BRDA:150,7,0,13
BRDA:150,7,1,0
BRDA:152,8,0,13
BRDA:152,8,1,10
BRDA:171,9,0,13
BRDA:171,9,1,13
BRDA:171,10,0,13
BRDA:171,10,1,13
BRDA:172,11,0,13
BRDA:172,11,1,13
BRDA:172,12,0,13
BRDA:172,12,1,13
BRDA:173,13,0,13
BRDA:173,13,1,13
BRDA:217,14,0,13
BRDA:217,14,1,13
BRDA:218,15,0,13
BRDA:218,15,1,13
BRDA:236,16,0,3
BRDA:236,16,1,0
BRDA:238,17,0,1
BRDA:255,18,0,2
BRDA:255,18,1,1
BRDA:264,19,0,2
BRDA:264,20,0,2
BRDA:264,21,0,3
BRDA:264,21,1,0
BRDA:281,22,0,1
BRDA:292,23,0,1
BRDA:292,23,1,2
BRDA:295,24,0,1
BRDA:295,24,1,2
BRDA:306,25,0,57
BRDA:306,25,1,0
BRDA:307,26,0,57
BRDA:307,26,1,57
BRDA:312,27,0,26
BRDA:312,27,1,91
BRDA:313,28,0,26
BRDA:313,28,1,91
BRF:51
BRH:45
end_of_record
TN:
SF:electron/ipc/handlers/session-handlers.ts
FN:52,handleSessionUnlock
FN:88,handleSessionState
FNF:2
FNH:2
FNDA:8,handleSessionUnlock
FNDA:4,handleSessionState
DA:52,2
DA:57,8
DA:59,8
DA:60,4
DA:66,4
DA:67,4
DA:68,3
DA:77,1
DA:79,1
DA:88,2
DA:93,4
LF:11
LH:11
BRDA:57,0,0,8
BRDA:57,0,1,0
BRDA:59,1,0,4
BRDA:59,2,0,8
BRDA:59,2,1,6
BRDA:67,3,0,3
BRDA:97,4,0,4
BRDA:97,4,1,3
BRF:8
BRH:7
end_of_record
TN:
SF:electron/ipc/handlers/stock-handlers.ts
FN:48,handleStockBalance
FN:57,(anonymous_1)
FN:88,handleStockAdjust
FN:138,(anonymous_3)
FNF:4
FNH:4
FNDA:4,handleStockBalance
FNDA:2,(anonymous_1)
FNDA:9,handleStockAdjust
FNDA:5,(anonymous_3)
DA:14,2
DA:48,2
DA:53,4
DA:54,4
DA:56,4
DA:57,2
DA:58,2
DA:66,2
DA:67,2
DA:70,2
DA:79,2
DA:88,2
DA:93,9
DA:94,9
DA:97,9
DA:105,9
DA:106,1
DA:112,8
DA:113,8
DA:114,8
DA:116,8
DA:117,3
DA:133,5
DA:134,5
DA:135,5
DA:138,5
DA:139,5
DA:145,5
DA:149,5
DA:169,5
DA:170,5
DA:171,5
DA:172,5
DA:174,0
DA:175,0
DA:178,5
LF:36
LH:34
BRDA:54,0,0,4
BRDA:54,0,1,0
BRDA:56,1,0,2
BRDA:56,2,0,4
BRDA:56,2,1,2
BRDA:105,3,0,1
BRDA:116,4,0,3
BRDA:134,5,0,5
BRDA:134,5,1,4
BRDA:160,6,0,5
BRDA:160,6,1,5
BRF:11
BRH:10
end_of_record
TN:
SF:electron/security/key-derivation.ts
FN:61,deriveFromPassphrase
FN:85,deriveFromSecrets
FN:105,generateMachineSalt
FN:124,getMachineFingerprint
FN:145,zeroBuffer
FN:153,keyToHex
FNF:6
FNH:6
FNDA:7,deriveFromPassphrase
FNDA:9,deriveFromSecrets
FNDA:9,generateMachineSalt
FNDA:5,getMachineFingerprint
FNDA:1,zeroBuffer
FNDA:3,keyToHex
DA:23,1
DA:24,1
DA:31,1
DA:34,1
DA:37,1
DA:61,1
DA:62,7
DA:63,7
DA:85,1
DA:89,9
DA:91,9
DA:105,1
DA:106,9
DA:124,1
DA:125,5
DA:126,5
DA:127,5
DA:129,5
DA:134,5
DA:145,1
DA:146,1
DA:153,1
DA:154,3
DA:155,2
DA:157,1
LF:25
LH:25
BRDA:126,0,0,5
BRDA:126,0,1,0
BRDA:154,1,0,2
BRF:3
BRH:2
end_of_record
TN:
SF:electron/security/sender-verification.ts
FN:22,verifySender
FNF:1
FNH:1
FNDA:25,verifySender
DA:13,2
DA:22,2
DA:28,25
DA:29,25
DA:30,5
DA:35,20
DA:36,20
DA:37,1
DA:40,19
LF:9
LH:9
BRDA:29,0,0,5
BRDA:36,1,0,1
BRDA:36,2,0,20
BRDA:36,2,1,19
BRF:4
BRH:4
end_of_record
TN:
SF:electron/shared/contracts.ts
FNF:0
FNH:0
DA:15,2
DA:34,2
DA:80,2
LF:3
LH:3
BRF:0
BRH:0
end_of_record
TN:
SF:electron/sync/outbox-push.ts
FN:61,pushOutbox
FN:101,(anonymous_1)
FN:163,pendingCount
FN:180,pushToServer
FN:187,(anonymous_4)
FN:196,generateBatchId
FN:202,safeParse
FNF:7
FNH:7
FNDA:5,pushOutbox
FNDA:1,(anonymous_1)
FNDA:12,pendingCount
FNDA:1,pushToServer
FNDA:1,(anonymous_4)
FNDA:5,generateBatchId
FNDA:1,safeParse
DA:42,1
DA:61,1
DA:65,5
DA:66,5
DA:67,5
DA:70,5
DA:71,5
DA:80,5
DA:91,5
DA:92,4
DA:96,1
DA:101,1
DA:112,1
DA:115,1
DA:116,1
DA:117,1
DA:119,1
DA:120,1
DA:121,1
DA:125,1
DA:128,0
DA:129,0
DA:130,0
DA:135,0
DA:137,0
DA:142,0
DA:147,1
DA:148,0
DA:153,0
DA:154,0
DA:157,1
DA:163,1
DA:164,12
DA:167,12
DA:181,1
DA:186,1
DA:187,1
DA:197,5
DA:198,5
DA:199,5
DA:203,1
DA:204,1
DA:206,0
LF:43
LH:33
BRDA:63,0,0,0
BRDA:91,1,0,4
BRDA:120,2,0,1
BRDA:120,2,1,0
BRDA:129,3,0,0
BRDA:129,3,1,0
BRF:6
BRH:2
end_of_record
TN:
SF:electron/sync/pull-worker.ts
FN:55,pullFromServer
FN:77,(anonymous_1)
FN:89,getCursors
FN:106,saveCursors
FN:116,applyPullResponse
FN:237,hasPendingOutboxEntry
FN:253,flagConflict
FN:288,pullBatch
FNF:8
FNH:4
FNDA:5,pullFromServer
FNDA:0,(anonymous_1)
FNDA:5,getCursors
FNDA:0,saveCursors
FNDA:5,applyPullResponse
FNDA:0,hasPendingOutboxEntry
FNDA:0,flagConflict
FNDA:5,pullBatch
DA:38,1
DA:55,1
DA:59,5
DA:62,5
DA:65,5
DA:72,5
DA:75,5
DA:77,5
DA:79,5
DA:90,5
DA:94,5
DA:96,5
DA:99,0
DA:100,0
DA:102,0
DA:107,0
DA:120,5
DA:121,5
DA:122,5
DA:125,5
DA:126,0
DA:144,0
DA:145,0
DA:146,0
DA:149,0
DA:150,0
DA:151,0
DA:152,0
DA:155,0
DA:161,0
DA:164,0
DA:165,0
DA:166,0
DA:172,5
DA:173,5
DA:176,5
DA:177,0
DA:192,0
DA:193,0
DA:194,0
DA:196,0
DA:197,0
DA:198,0
DA:199,0
DA:202,0
DA:209,0
DA:212,0
DA:213,0
DA:214,0
DA:221,5
DA:222,0
DA:225,5
DA:242,0
DA:246,0
DA:259,0
DA:261,0
DA:273,0
DA:289,5
DA:290,5
LF:59
LH:23
BRDA:57,0,0,0
BRDA:94,1,0,5
BRDA:125,2,0,0
BRDA:149,3,0,0
BRDA:157,4,0,0
BRDA:157,4,1,0
BRDA:157,5,0,0
BRDA:157,5,1,0
BRDA:158,6,0,0
BRDA:158,6,1,0
BRDA:158,7,0,0
BRDA:158,7,1,0
BRDA:159,8,0,0
BRDA:159,8,1,0
BRDA:159,9,0,0
BRDA:159,9,1,0
BRDA:165,10,0,0
BRDA:176,11,0,0
BRDA:196,12,0,0
BRDA:203,13,0,0
BRDA:203,13,1,0
BRDA:204,14,0,0
BRDA:204,14,1,0
BRDA:205,15,0,0
BRDA:205,15,1,0
BRDA:205,16,0,0
BRDA:205,16,1,0
BRDA:206,17,0,0
BRDA:206,17,1,0
BRDA:206,18,0,0
BRDA:206,18,1,0
BRDA:213,19,0,0
BRDA:221,20,0,0
BRF:33
BRH:1
end_of_record
TN:
SF:electron/sync/sync-worker.ts
FN:73,(anonymous_0)
FN:82,(anonymous_1)
FN:93,(anonymous_2)
FN:97,(anonymous_3)
FN:110,(anonymous_4)
FN:123,(anonymous_5)
FN:143,(anonymous_6)
FN:161,(anonymous_7)
FN:209,(anonymous_8)
FN:296,(anonymous_9)
FN:304,(anonymous_10)
FNF:11
FNH:10
FNDA:10,(anonymous_0)
FNDA:2,(anonymous_1)
FNDA:0,(anonymous_2)
FNDA:1,(anonymous_3)
FNDA:3,(anonymous_4)
FNDA:12,(anonymous_5)
FNDA:2,(anonymous_6)
FNDA:3,(anonymous_7)
FNDA:5,(anonymous_8)
FNDA:11,(anonymous_9)
FNDA:6,(anonymous_10)
DA:26,1
DA:27,1
DA:63,1
DA:65,10
DA:66,10
DA:67,10
DA:68,10
DA:69,10
DA:70,10
DA:71,10
DA:74,10
DA:83,2
DA:84,0
DA:87,2
DA:92,2
DA:93,2
DA:98,1
DA:99,1
DA:100,1
DA:101,1
DA:103,1
DA:111,3
DA:112,0
DA:114,3
DA:115,3
DA:124,12
DA:125,12
DA:126,12
DA:127,12
DA:132,12
DA:144,2
DA:145,2
DA:146,2
DA:154,2
DA:156,0
DA:165,3
DA:167,3
DA:171,3
DA:172,1
DA:178,2
DA:180,1
DA:187,1
DA:194,2
DA:196,2
DA:210,5
DA:211,0
DA:214,5
DA:216,5
DA:217,5
DA:219,5
DA:221,5
DA:226,5
DA:228,5
DA:229,0
DA:233,0
DA:235,5
DA:241,5
DA:244,5
DA:246,5
DA:250,5
DA:251,5
DA:254,5
DA:255,5
DA:258,0
DA:259,0
DA:260,0
DA:261,0
DA:263,0
DA:264,0
DA:267,0
DA:272,0
DA:273,0
DA:274,0
DA:277,5
DA:278,5
DA:282,5
DA:283,5
DA:284,1
DA:297,11
DA:298,11
DA:299,11
DA:300,10
DA:305,6
DA:306,6
LF:84
LH:68
BRDA:83,0,0,0
BRDA:98,1,0,1
BRDA:111,2,0,0
BRDA:136,3,0,12
BRDA:136,3,1,2
BRDA:137,4,0,12
BRDA:137,4,1,2
BRDA:171,5,0,1
BRDA:178,6,0,1
BRDA:178,6,1,1
BRDA:199,7,0,1
BRDA:199,7,1,1
BRDA:210,8,0,0
BRDA:228,9,0,0
BRDA:228,9,1,5
BRDA:254,10,0,5
BRDA:258,11,0,0
BRDA:258,11,1,0
BRDA:263,12,0,0
BRDA:282,13,0,5
BRDA:282,13,1,0
BRDA:282,14,0,5
BRDA:282,14,1,0
BRDA:283,15,0,1
BRDA:285,16,0,1
BRDA:285,16,1,0
BRDA:286,17,0,1
BRDA:286,17,1,0
BRDA:299,18,0,10
BRF:29
BRH:18
end_of_record
